#
# There is insufficient memory for the Java Runtime Environment to continue.
# Native memory allocation (mmap) failed to map 2071986176 bytes for Failed to commit area from 0x000000063fa00000 to 0x00000006bb200000 of length 2071986176.
# Possible reasons:
#   The system is out of physical RAM or swap space
#   The process is running with CompressedOops enabled, and the Java Heap may be blocking the growth of the native heap
# Possible solutions:
#   Reduce memory load on the system
#   Increase physical memory or swap space
#   Check if swap backing store is full
#   Decrease Java heap size (-Xmx/-Xms)
#   Decrease number of Java threads
#   Decrease Java thread stack sizes (-Xss)
#   Set larger code cache with -XX:ReservedCodeCacheSize=
#   JVM is running with Zero Based Compressed Oops mode in which the Java heap is
#     placed in the first 32GB address space. The Java Heap base address is the
#     maximum limit for the native heap growth. Please use -XX:HeapBaseMinAddress
#     to set the Java Heap base and to place the Java Heap above 32GB virtual address.
# This output file may be truncated or incomplete.
#
#  Out of Memory Error (t:/workspace/open/src/hotspot/os/windows/os_windows.cpp:3269), pid=21596, tid=34480
#
# JRE version: Java(TM) SE Runtime Environment (11.0.1+13) (build 11.0.1+13-LTS)
# Java VM: Java HotSpot(TM) 64-Bit Server VM (11.0.1+13-LTS, mixed mode, tiered, compressed oops, g1 gc, windows-amd64)
# No core dump will be written. Minidumps are not enabled by default on client versions of Windows
#

---------------  S U M M A R Y ------------

Command Line: -javaagent:C:\Program Files\JetBrains\IntelliJ IDEA Community Edition 2018.2.5\lib\idea_rt.jar=51465:C:\Program Files\JetBrains\IntelliJ IDEA Community Edition 2018.2.5\bin -Dfile.encoding=UTF-8 Main

Host: Intel(R) Core(TM) i7-6820HQ CPU @ 2.70GHz, 8 cores, 31G,  Windows 10 , 64 bit Build 17134 (10.0.17134.1)
Time: Sun Feb 10 11:30:27 2019 Mitteleuropäische Zeit elapsed time: 2 seconds (0d 0h 0m 2s)

---------------  T H R E A D  ---------------

Current thread (0x00000254fa183000):  VMThread "VM Thread" [stack: 0x000000c368c00000,0x000000c368d00000] [id=34480]

Stack: [0x000000c368c00000,0x000000c368d00000]
[error occurred during error reporting (printing stack bounds), id 0xc0000005, EXCEPTION_ACCESS_VIOLATION (0xc0000005) at pc=0x00000254d4a80bad]

Native frames: (J=compiled Java code, j=interpreted, Vv=VM code, C=native code)
V  [jvm.dll+0x63c21a]
V  [jvm.dll+0x7797df]
V  [jvm.dll+0x77adca]
V  [jvm.dll+0x77b3e5]
V  [jvm.dll+0x77b39b]
V  [jvm.dll+0x63b916]
V  [jvm.dll+0x63bce8]
C  [ntdll.dll+0x9f7dd]
C  [ntdll.dll+0xd856]
C  [ntdll.dll+0x9e70e]
C  0x00000254d4a80bad

VM_Operation (0x000000c3686fefd0): G1CollectForAllocation, mode: safepoint, requested by thread 0x00000254cc756800


---------------  P R O C E S S  ---------------

Threads class SMR info:
_java_thread_list=0x00000254fa7c0ad0, length=12, elements={
0x00000254cc756800, 0x00000254fa187000, 0x00000254fa1b2000, 0x00000254fa215800,
0x00000254fa216800, 0x00000254fa219000, 0x00000254fa223800, 0x00000254fa1d0800,
0x00000254fa380000, 0x00000254fa603800, 0x00000254fa604000, 0x00000254fa82e800
}

Java Threads: ( => current thread )
  0x00000254cc756800 JavaThread "main" [_thread_blocked, id=6256, stack(0x000000c368600000,0x000000c368700000)]
  0x00000254fa187000 JavaThread "Reference Handler" daemon [_thread_blocked, id=42440, stack(0x000000c368d00000,0x000000c368e00000)]
  0x00000254fa1b2000 JavaThread "Finalizer" daemon [_thread_blocked, id=42832, stack(0x000000c368e00000,0x000000c368f00000)]
  0x00000254fa215800 JavaThread "Signal Dispatcher" daemon [_thread_blocked, id=34916, stack(0x000000c368f00000,0x000000c369000000)]
  0x00000254fa216800 JavaThread "Attach Listener" daemon [_thread_blocked, id=33048, stack(0x000000c369000000,0x000000c369100000)]
  0x00000254fa219000 JavaThread "C2 CompilerThread0" daemon [_thread_blocked, id=23244, stack(0x000000c369100000,0x000000c369200000)]
  0x00000254fa223800 JavaThread "C1 CompilerThread0" daemon [_thread_blocked, id=34760, stack(0x000000c369200000,0x000000c369300000)]
  0x00000254fa1d0800 JavaThread "Sweeper thread" daemon [_thread_blocked, id=36348, stack(0x000000c369300000,0x000000c369400000)]
  0x00000254fa380000 JavaThread "Common-Cleaner" daemon [_thread_blocked, id=10828, stack(0x000000c369400000,0x000000c369500000)]
  0x00000254fa603800 JavaThread "Monitor Ctrl-Break" daemon [_thread_in_native, id=42184, stack(0x000000c369500000,0x000000c369600000)]
  0x00000254fa604000 JavaThread "Service Thread" daemon [_thread_blocked, id=41536, stack(0x000000c369600000,0x000000c369700000)]
  0x00000254fa82e800 JavaThread "C2 CompilerThread1" daemon [_thread_blocked, id=15008, stack(0x000000c369800000,0x000000c369900000)]

Other Threads:
=>0x00000254fa183000 VMThread "VM Thread" [stack: 0x000000c368c00000,0x000000c368d00000] [id=34480]
  0x00000254fa605000 WatcherThread [stack: 0x000000c369700000,0x000000c369800000] [id=33604]
  0x00000254cc76c800 GCTaskThread "GC Thread#0" [stack: 0x000000c368700000,0x000000c368800000] [id=19636]
  0x00000254fa90e000 GCTaskThread "GC Thread#1" [stack: 0x000000c369a00000,0x000000c369b00000] [id=16000]
  0x00000254fa90e800 GCTaskThread "GC Thread#2" [stack: 0x000000c369b00000,0x000000c369c00000] [id=21864]
  0x00000254fa90f800 GCTaskThread "GC Thread#3" [stack: 0x000000c369c00000,0x000000c369d00000] [id=27764]
  0x00000254fa932800 GCTaskThread "GC Thread#4" [stack: 0x000000c369d00000,0x000000c369e00000] [id=3668]
  0x00000254fa933000 GCTaskThread "GC Thread#5" [stack: 0x000000c369e00000,0x000000c369f00000] [id=33820]
  0x00000254fa934000 GCTaskThread "GC Thread#6" [stack: 0x000000c369f00000,0x000000c36a000000] [id=30900]
  0x00000254fa939800 GCTaskThread "GC Thread#7" [stack: 0x000000c36a000000,0x000000c36a100000] [id=29316]
  0x00000254cc7ef000 ConcurrentGCThread "G1 Main Marker" [stack: 0x000000c368800000,0x000000c368900000] [id=14136]
  0x00000254cc7f0800 ConcurrentGCThread "G1 Conc#0" [stack: 0x000000c368900000,0x000000c368a00000] [id=41704]
  0x00000254f97e4800 ConcurrentGCThread "G1 Refine#0" [stack: 0x000000c368a00000,0x000000c368b00000] [id=13388]
  0x00000254fa83a000 ConcurrentGCThread "G1 Refine#1" [stack: 0x000000c36a100000,0x000000c36a200000] [id=33308]
  0x00000254fa83e000 ConcurrentGCThread "G1 Refine#2" [stack: 0x000000c36a200000,0x000000c36a300000] [id=29988]
  0x00000254fa86d000 ConcurrentGCThread "G1 Refine#3" [stack: 0x000000c36a300000,0x000000c36a400000] [id=16524]
  0x00000254fa87d800 ConcurrentGCThread "G1 Refine#4" [stack: 0x000000c36a400000,0x000000c36a500000] [id=5360]
  0x00000254fa886800 ConcurrentGCThread "G1 Refine#5" [stack: 0x000000c36a500000,0x000000c36a600000] [id=21656]
  0x00000254fa88b000 ConcurrentGCThread "G1 Refine#6" [stack: 0x000000c36a600000,0x000000c36a700000] [id=17308]
  0x00000254fa83d000 ConcurrentGCThread "G1 Refine#7" [stack: 0x000000c36a700000,0x000000c36a800000] [id=40988]
  0x00000254f97e5800 ConcurrentGCThread "G1 Young RemSet Sampling" [stack: 0x000000c368b00000,0x000000c368c00000] [id=384]

Threads with active compile tasks:

VM state:at safepoint (normal execution)

VM Mutex/Monitor currently owned by a thread:  ([mutex/lock_event])
[0x00000254cc755390] Threads_lock - owner thread: 0x00000254fa183000
[0x00000254cc7550c0] Heap_lock - owner thread: 0x00000254cc756800

Heap address: 0x0000000601e00000, size: 8162 MB, Compressed Oops mode: Zero based, Oop shift amount: 3
Narrow klass base: 0x0000000800000000, Narrow klass shift: 0
Compressed class space size: 1073741824 Address: 0x0000000800000000

Heap:
 garbage-first heap   total 3035136K, used 116321K [0x0000000601e00000, 0x0000000800000000)
  region size 2048K, 1 young (2048K), 1 survivors (2048K)
 Metaspace       used 7952K, capacity 8100K, committed 8192K, reserved 1056768K
  class space    used 717K, capacity 760K, committed 768K, reserved 1048576K
Heap Regions: E=young(eden), S=young(survivor), O=old, HS=humongous(starts), HC=humongous(continues), CS=collection set, F=free, A=archive, TAMS=top-at-mark-start (previous, next)
|   0|0x0000000601e00000, 0x0000000602000000, 0x0000000602000000|100%|HS|  |TAMS 0x0000000601e00000, 0x0000000601e00000| Complete 
|   1|0x0000000602000000, 0x0000000602200000, 0x0000000602200000|100%|HS|  |TAMS 0x0000000602000000, 0x0000000602000000| Complete 
|   2|0x0000000602200000, 0x0000000602400000, 0x0000000602400000|100%|HC|  |TAMS 0x0000000602200000, 0x0000000602200000| Complete 
|   3|0x0000000602400000, 0x0000000602600000, 0x0000000602600000|100%|HS|  |TAMS 0x0000000602400000, 0x0000000602400000| Complete 
|   4|0x0000000602600000, 0x0000000602800000, 0x0000000602800000|100%|HC|  |TAMS 0x0000000602600000, 0x0000000602600000| Complete 
|   5|0x0000000602800000, 0x0000000602a00000, 0x0000000602a00000|100%|HS|  |TAMS 0x0000000602800000, 0x0000000602800000| Complete 
|   6|0x0000000602a00000, 0x0000000602c00000, 0x0000000602c00000|100%|HC|  |TAMS 0x0000000602a00000, 0x0000000602a00000| Complete 
|   7|0x0000000602c00000, 0x0000000602e00000, 0x0000000602e00000|100%|HC|  |TAMS 0x0000000602c00000, 0x0000000602c00000| Complete 
|   8|0x0000000602e00000, 0x0000000603000000, 0x0000000603000000|100%|HS|  |TAMS 0x0000000602e00000, 0x0000000602e00000| Complete 
|   9|0x0000000603000000, 0x0000000603200000, 0x0000000603200000|100%|HC|  |TAMS 0x0000000603000000, 0x0000000603000000| Complete 
|  10|0x0000000603200000, 0x0000000603400000, 0x0000000603400000|100%|HC|  |TAMS 0x0000000603200000, 0x0000000603200000| Complete 
|  11|0x0000000603400000, 0x0000000603600000, 0x0000000603600000|100%|HC|  |TAMS 0x0000000603400000, 0x0000000603400000| Complete 
|  12|0x0000000603600000, 0x0000000603800000, 0x0000000603800000|100%|HS|  |TAMS 0x0000000603600000, 0x0000000603600000| Complete 
|  13|0x0000000603800000, 0x0000000603a00000, 0x0000000603a00000|100%|HC|  |TAMS 0x0000000603800000, 0x0000000603800000| Complete 
|  14|0x0000000603a00000, 0x0000000603c00000, 0x0000000603c00000|100%|HC|  |TAMS 0x0000000603a00000, 0x0000000603a00000| Complete 
|  15|0x0000000603c00000, 0x0000000603e00000, 0x0000000603e00000|100%|HC|  |TAMS 0x0000000603c00000, 0x0000000603c00000| Complete 
|  16|0x0000000603e00000, 0x0000000604000000, 0x0000000604000000|100%|HC|  |TAMS 0x0000000603e00000, 0x0000000603e00000| Complete 
|  17|0x0000000604000000, 0x0000000604200000, 0x0000000604200000|100%|HC|  |TAMS 0x0000000604000000, 0x0000000604000000| Complete 
|  18|0x0000000604200000, 0x0000000604400000, 0x0000000604400000|100%|HS|  |TAMS 0x0000000604200000, 0x0000000604200000| Complete 
|  19|0x0000000604400000, 0x0000000604600000, 0x0000000604600000|100%|HC|  |TAMS 0x0000000604400000, 0x0000000604400000| Complete 
|  20|0x0000000604600000, 0x0000000604800000, 0x0000000604800000|100%|HC|  |TAMS 0x0000000604600000, 0x0000000604600000| Complete 
|  21|0x0000000604800000, 0x0000000604a00000, 0x0000000604a00000|100%|HC|  |TAMS 0x0000000604800000, 0x0000000604800000| Complete 
|  22|0x0000000604a00000, 0x0000000604c00000, 0x0000000604c00000|100%|HC|  |TAMS 0x0000000604a00000, 0x0000000604a00000| Complete 
|  23|0x0000000604c00000, 0x0000000604e00000, 0x0000000604e00000|100%|HC|  |TAMS 0x0000000604c00000, 0x0000000604c00000| Complete 
|  24|0x0000000604e00000, 0x0000000605000000, 0x0000000605000000|100%|HC|  |TAMS 0x0000000604e00000, 0x0000000604e00000| Complete 
|  25|0x0000000605000000, 0x0000000605200000, 0x0000000605200000|100%|HC|  |TAMS 0x0000000605000000, 0x0000000605000000| Complete 
|  26|0x0000000605200000, 0x0000000605400000, 0x0000000605400000|100%|HS|  |TAMS 0x0000000605200000, 0x0000000605200000| Complete 
|  27|0x0000000605400000, 0x0000000605600000, 0x0000000605600000|100%|HC|  |TAMS 0x0000000605400000, 0x0000000605400000| Complete 
|  28|0x0000000605600000, 0x0000000605800000, 0x0000000605800000|100%|HC|  |TAMS 0x0000000605600000, 0x0000000605600000| Complete 
|  29|0x0000000605800000, 0x0000000605a00000, 0x0000000605a00000|100%|HC|  |TAMS 0x0000000605800000, 0x0000000605800000| Complete 
|  30|0x0000000605a00000, 0x0000000605c00000, 0x0000000605c00000|100%|HC|  |TAMS 0x0000000605a00000, 0x0000000605a00000| Complete 
|  31|0x0000000605c00000, 0x0000000605e00000, 0x0000000605e00000|100%|HC|  |TAMS 0x0000000605c00000, 0x0000000605c00000| Complete 
|  32|0x0000000605e00000, 0x0000000606000000, 0x0000000606000000|100%|HC|  |TAMS 0x0000000605e00000, 0x0000000605e00000| Complete 
|  33|0x0000000606000000, 0x0000000606200000, 0x0000000606200000|100%|HC|  |TAMS 0x0000000606000000, 0x0000000606000000| Complete 
|  34|0x0000000606200000, 0x0000000606400000, 0x0000000606400000|100%|HC|  |TAMS 0x0000000606200000, 0x0000000606200000| Complete 
|  35|0x0000000606400000, 0x0000000606600000, 0x0000000606600000|100%|HC|  |TAMS 0x0000000606400000, 0x0000000606400000| Complete 
|  36|0x0000000606600000, 0x0000000606800000, 0x0000000606800000|100%|HC|  |TAMS 0x0000000606600000, 0x0000000606600000| Complete 
|  37|0x0000000606800000, 0x0000000606a00000, 0x0000000606a00000|100%|HC|  |TAMS 0x0000000606800000, 0x0000000606800000| Complete 
|  38|0x0000000606a00000, 0x0000000606c00000, 0x0000000606c00000|100%|HS|  |TAMS 0x0000000606a00000, 0x0000000606a00000| Complete 
|  39|0x0000000606c00000, 0x0000000606e00000, 0x0000000606e00000|100%|HC|  |TAMS 0x0000000606c00000, 0x0000000606c00000| Complete 
|  40|0x0000000606e00000, 0x0000000607000000, 0x0000000607000000|100%|HC|  |TAMS 0x0000000606e00000, 0x0000000606e00000| Complete 
|  41|0x0000000607000000, 0x0000000607200000, 0x0000000607200000|100%|HC|  |TAMS 0x0000000607000000, 0x0000000607000000| Complete 
|  42|0x0000000607200000, 0x0000000607400000, 0x0000000607400000|100%|HC|  |TAMS 0x0000000607200000, 0x0000000607200000| Complete 
|  43|0x0000000607400000, 0x0000000607600000, 0x0000000607600000|100%|HC|  |TAMS 0x0000000607400000, 0x0000000607400000| Complete 
|  44|0x0000000607600000, 0x0000000607800000, 0x0000000607800000|100%|HC|  |TAMS 0x0000000607600000, 0x0000000607600000| Complete 
|  45|0x0000000607800000, 0x0000000607a00000, 0x0000000607a00000|100%|HC|  |TAMS 0x0000000607800000, 0x0000000607800000| Complete 
|  46|0x0000000607a00000, 0x0000000607c00000, 0x0000000607c00000|100%|HC|  |TAMS 0x0000000607a00000, 0x0000000607a00000| Complete 
|  47|0x0000000607c00000, 0x0000000607e00000, 0x0000000607e00000|100%|HC|  |TAMS 0x0000000607c00000, 0x0000000607c00000| Complete 
|  48|0x0000000607e00000, 0x0000000608000000, 0x0000000608000000|100%|HC|  |TAMS 0x0000000607e00000, 0x0000000607e00000| Complete 
|  49|0x0000000608000000, 0x0000000608200000, 0x0000000608200000|100%|HC|  |TAMS 0x0000000608000000, 0x0000000608000000| Complete 
|  50|0x0000000608200000, 0x0000000608400000, 0x0000000608400000|100%|HC|  |TAMS 0x0000000608200000, 0x0000000608200000| Complete 
|  51|0x0000000608400000, 0x0000000608600000, 0x0000000608600000|100%|HC|  |TAMS 0x0000000608400000, 0x0000000608400000| Complete 
|  52|0x0000000608600000, 0x0000000608800000, 0x0000000608800000|100%|HC|  |TAMS 0x0000000608600000, 0x0000000608600000| Complete 
|  53|0x0000000608800000, 0x0000000608a00000, 0x0000000608a00000|100%|HC|  |TAMS 0x0000000608800000, 0x0000000608800000| Complete 
|  54|0x0000000608a00000, 0x0000000608c00000, 0x0000000608c00000|100%|HC|  |TAMS 0x0000000608a00000, 0x0000000608a00000| Complete 
|  55|0x0000000608c00000, 0x0000000608e00000, 0x0000000608e00000|100%|HC|  |TAMS 0x0000000608c00000, 0x0000000608c00000| Complete 
|  56|0x0000000608e00000, 0x0000000608e00000, 0x0000000609000000|  0%| F|  |TAMS 0x0000000608e00000, 0x0000000608e00000| Untracked 
|  57|0x0000000609000000, 0x0000000609000000, 0x0000000609200000|  0%| F|  |TAMS 0x0000000609000000, 0x0000000609000000| Untracked 
|  58|0x0000000609200000, 0x0000000609200000, 0x0000000609400000|  0%| F|  |TAMS 0x0000000609200000, 0x0000000609200000| Untracked 
|  59|0x0000000609400000, 0x0000000609400000, 0x0000000609600000|  0%| F|  |TAMS 0x0000000609400000, 0x0000000609400000| Untracked 
|  60|0x0000000609600000, 0x0000000609600000, 0x0000000609800000|  0%| F|  |TAMS 0x0000000609600000, 0x0000000609600000| Untracked 
|  61|0x0000000609800000, 0x0000000609800000, 0x0000000609a00000|  0%| F|  |TAMS 0x0000000609800000, 0x0000000609800000| Untracked 
|  62|0x0000000609a00000, 0x0000000609a00000, 0x0000000609c00000|  0%| F|  |TAMS 0x0000000609a00000, 0x0000000609a00000| Untracked 
|  63|0x0000000609c00000, 0x0000000609c00000, 0x0000000609e00000|  0%| F|  |TAMS 0x0000000609c00000, 0x0000000609c00000| Untracked 
|  64|0x0000000609e00000, 0x0000000609e00000, 0x000000060a000000|  0%| F|  |TAMS 0x0000000609e00000, 0x0000000609e00000| Untracked 
|  65|0x000000060a000000, 0x000000060a000000, 0x000000060a200000|  0%| F|  |TAMS 0x000000060a000000, 0x000000060a000000| Untracked 
|  66|0x000000060a200000, 0x000000060a200000, 0x000000060a400000|  0%| F|  |TAMS 0x000000060a200000, 0x000000060a200000| Untracked 
|  67|0x000000060a400000, 0x000000060a400000, 0x000000060a600000|  0%| F|  |TAMS 0x000000060a400000, 0x000000060a400000| Untracked 
|  68|0x000000060a600000, 0x000000060a600000, 0x000000060a800000|  0%| F|  |TAMS 0x000000060a600000, 0x000000060a600000| Untracked 
|  69|0x000000060a800000, 0x000000060a800000, 0x000000060aa00000|  0%| F|  |TAMS 0x000000060a800000, 0x000000060a800000| Untracked 
|  70|0x000000060aa00000, 0x000000060aa00000, 0x000000060ac00000|  0%| F|  |TAMS 0x000000060aa00000, 0x000000060aa00000| Untracked 
|  71|0x000000060ac00000, 0x000000060ac00000, 0x000000060ae00000|  0%| F|  |TAMS 0x000000060ac00000, 0x000000060ac00000| Untracked 
|  72|0x000000060ae00000, 0x000000060ae00000, 0x000000060b000000|  0%| F|  |TAMS 0x000000060ae00000, 0x000000060ae00000| Untracked 
|  73|0x000000060b000000, 0x000000060b000000, 0x000000060b200000|  0%| F|  |TAMS 0x000000060b000000, 0x000000060b000000| Untracked 
|  74|0x000000060b200000, 0x000000060b200000, 0x000000060b400000|  0%| F|  |TAMS 0x000000060b200000, 0x000000060b200000| Untracked 
|  75|0x000000060b400000, 0x000000060b400000, 0x000000060b600000|  0%| F|  |TAMS 0x000000060b400000, 0x000000060b400000| Untracked 
|  76|0x000000060b600000, 0x000000060b600000, 0x000000060b800000|  0%| F|  |TAMS 0x000000060b600000, 0x000000060b600000| Untracked 
|  77|0x000000060b800000, 0x000000060b800000, 0x000000060ba00000|  0%| F|  |TAMS 0x000000060b800000, 0x000000060b800000| Untracked 
|  78|0x000000060ba00000, 0x000000060ba00000, 0x000000060bc00000|  0%| F|  |TAMS 0x000000060ba00000, 0x000000060ba00000| Untracked 
|  79|0x000000060bc00000, 0x000000060bc00000, 0x000000060be00000|  0%| F|  |TAMS 0x000000060bc00000, 0x000000060bc00000| Untracked 
|  80|0x000000060be00000, 0x000000060be00000, 0x000000060c000000|  0%| F|  |TAMS 0x000000060be00000, 0x000000060be00000| Untracked 
|  81|0x000000060c000000, 0x000000060c000000, 0x000000060c200000|  0%| F|  |TAMS 0x000000060c000000, 0x000000060c000000| Untracked 
|  82|0x000000060c200000, 0x000000060c200000, 0x000000060c400000|  0%| F|  |TAMS 0x000000060c200000, 0x000000060c200000| Untracked 
|  83|0x000000060c400000, 0x000000060c400000, 0x000000060c600000|  0%| F|  |TAMS 0x000000060c400000, 0x000000060c400000| Untracked 
|  84|0x000000060c600000, 0x000000060c600000, 0x000000060c800000|  0%| F|  |TAMS 0x000000060c600000, 0x000000060c600000| Untracked 
|  85|0x000000060c800000, 0x000000060c800000, 0x000000060ca00000|  0%| F|  |TAMS 0x000000060c800000, 0x000000060c800000| Untracked 
|  86|0x000000060ca00000, 0x000000060ca00000, 0x000000060cc00000|  0%| F|  |TAMS 0x000000060ca00000, 0x000000060ca00000| Untracked 
|  87|0x000000060cc00000, 0x000000060cc00000, 0x000000060ce00000|  0%| F|  |TAMS 0x000000060cc00000, 0x000000060cc00000| Untracked 
|  88|0x000000060ce00000, 0x000000060ce00000, 0x000000060d000000|  0%| F|  |TAMS 0x000000060ce00000, 0x000000060ce00000| Untracked 
|  89|0x000000060d000000, 0x000000060d000000, 0x000000060d200000|  0%| F|  |TAMS 0x000000060d000000, 0x000000060d000000| Untracked 
|  90|0x000000060d200000, 0x000000060d200000, 0x000000060d400000|  0%| F|  |TAMS 0x000000060d200000, 0x000000060d200000| Untracked 
|  91|0x000000060d400000, 0x000000060d400000, 0x000000060d600000|  0%| F|  |TAMS 0x000000060d400000, 0x000000060d400000| Untracked 
|  92|0x000000060d600000, 0x000000060d600000, 0x000000060d800000|  0%| F|  |TAMS 0x000000060d600000, 0x000000060d600000| Untracked 
|  93|0x000000060d800000, 0x000000060d800000, 0x000000060da00000|  0%| F|  |TAMS 0x000000060d800000, 0x000000060d800000| Untracked 
|  94|0x000000060da00000, 0x000000060da00000, 0x000000060dc00000|  0%| F|  |TAMS 0x000000060da00000, 0x000000060da00000| Untracked 
|  95|0x000000060dc00000, 0x000000060dc00000, 0x000000060de00000|  0%| F|  |TAMS 0x000000060dc00000, 0x000000060dc00000| Untracked 
|  96|0x000000060de00000, 0x000000060de00000, 0x000000060e000000|  0%| F|  |TAMS 0x000000060de00000, 0x000000060de00000| Untracked 
|  97|0x000000060e000000, 0x000000060e000000, 0x000000060e200000|  0%| F|  |TAMS 0x000000060e000000, 0x000000060e000000| Untracked 
|  98|0x000000060e200000, 0x000000060e200000, 0x000000060e400000|  0%| F|  |TAMS 0x000000060e200000, 0x000000060e200000| Untracked 
|  99|0x000000060e400000, 0x000000060e400000, 0x000000060e600000|  0%| F|  |TAMS 0x000000060e400000, 0x000000060e400000| Untracked 
| 100|0x000000060e600000, 0x000000060e600000, 0x000000060e800000|  0%| F|  |TAMS 0x000000060e600000, 0x000000060e600000| Untracked 
| 101|0x000000060e800000, 0x000000060e800000, 0x000000060ea00000|  0%| F|  |TAMS 0x000000060e800000, 0x000000060e800000| Untracked 
| 102|0x000000060ea00000, 0x000000060ea00000, 0x000000060ec00000|  0%| F|  |TAMS 0x000000060ea00000, 0x000000060ea00000| Untracked 
| 103|0x000000060ec00000, 0x000000060ec00000, 0x000000060ee00000|  0%| F|  |TAMS 0x000000060ec00000, 0x000000060ec00000| Untracked 
| 104|0x000000060ee00000, 0x000000060ee00000, 0x000000060f000000|  0%| F|  |TAMS 0x000000060ee00000, 0x000000060ee00000| Untracked 
| 105|0x000000060f000000, 0x000000060f000000, 0x000000060f200000|  0%| F|  |TAMS 0x000000060f000000, 0x000000060f000000| Untracked 
| 106|0x000000060f200000, 0x000000060f200000, 0x000000060f400000|  0%| F|  |TAMS 0x000000060f200000, 0x000000060f200000| Untracked 
| 107|0x000000060f400000, 0x000000060f400000, 0x000000060f600000|  0%| F|  |TAMS 0x000000060f400000, 0x000000060f400000| Untracked 
| 108|0x000000060f600000, 0x000000060f600000, 0x000000060f800000|  0%| F|  |TAMS 0x000000060f600000, 0x000000060f600000| Untracked 
| 109|0x000000060f800000, 0x000000060f800000, 0x000000060fa00000|  0%| F|  |TAMS 0x000000060f800000, 0x000000060f800000| Untracked 
| 110|0x000000060fa00000, 0x000000060fa00000, 0x000000060fc00000|  0%| F|  |TAMS 0x000000060fa00000, 0x000000060fa00000| Untracked 
| 111|0x000000060fc00000, 0x000000060fc00000, 0x000000060fe00000|  0%| F|  |TAMS 0x000000060fc00000, 0x000000060fc00000| Untracked 
| 112|0x000000060fe00000, 0x000000060fe00000, 0x0000000610000000|  0%| F|  |TAMS 0x000000060fe00000, 0x000000060fe00000| Untracked 
| 113|0x0000000610000000, 0x0000000610000000, 0x0000000610200000|  0%| F|  |TAMS 0x0000000610000000, 0x0000000610000000| Untracked 
| 114|0x0000000610200000, 0x0000000610200000, 0x0000000610400000|  0%| F|  |TAMS 0x0000000610200000, 0x0000000610200000| Untracked 
| 115|0x0000000610400000, 0x0000000610400000, 0x0000000610600000|  0%| F|  |TAMS 0x0000000610400000, 0x0000000610400000| Untracked 
| 116|0x0000000610600000, 0x0000000610600000, 0x0000000610800000|  0%| F|  |TAMS 0x0000000610600000, 0x0000000610600000| Untracked 
| 117|0x0000000610800000, 0x0000000610800000, 0x0000000610a00000|  0%| F|  |TAMS 0x0000000610800000, 0x0000000610800000| Untracked 
| 118|0x0000000610a00000, 0x0000000610a00000, 0x0000000610c00000|  0%| F|  |TAMS 0x0000000610a00000, 0x0000000610a00000| Untracked 
| 119|0x0000000610c00000, 0x0000000610c00000, 0x0000000610e00000|  0%| F|  |TAMS 0x0000000610c00000, 0x0000000610c00000| Untracked 
| 120|0x0000000610e00000, 0x0000000610e00000, 0x0000000611000000|  0%| F|  |TAMS 0x0000000610e00000, 0x0000000610e00000| Untracked 
| 121|0x0000000611000000, 0x0000000611000000, 0x0000000611200000|  0%| F|  |TAMS 0x0000000611000000, 0x0000000611000000| Untracked 
| 122|0x0000000611200000, 0x0000000611200000, 0x0000000611400000|  0%| F|  |TAMS 0x0000000611200000, 0x0000000611200000| Untracked 
| 123|0x0000000611400000, 0x0000000611400000, 0x0000000611600000|  0%| F|  |TAMS 0x0000000611400000, 0x0000000611400000| Untracked 
| 124|0x0000000611600000, 0x0000000611600000, 0x0000000611800000|  0%| F|  |TAMS 0x0000000611600000, 0x0000000611600000| Untracked 
| 125|0x0000000611800000, 0x0000000611800000, 0x0000000611a00000|  0%| F|  |TAMS 0x0000000611800000, 0x0000000611800000| Untracked 
| 126|0x0000000611a00000, 0x0000000611a00000, 0x0000000611c00000|  0%| F|  |TAMS 0x0000000611a00000, 0x0000000611a00000| Untracked 
| 127|0x0000000611c00000, 0x0000000611c00000, 0x0000000611e00000|  0%| F|  |TAMS 0x0000000611c00000, 0x0000000611c00000| Untracked 
| 128|0x0000000611e00000, 0x0000000611e00000, 0x0000000612000000|  0%| F|  |TAMS 0x0000000611e00000, 0x0000000611e00000| Untracked 
| 129|0x0000000612000000, 0x0000000612000000, 0x0000000612200000|  0%| F|  |TAMS 0x0000000612000000, 0x0000000612000000| Untracked 
| 130|0x0000000612200000, 0x0000000612200000, 0x0000000612400000|  0%| F|  |TAMS 0x0000000612200000, 0x0000000612200000| Untracked 
| 131|0x0000000612400000, 0x0000000612400000, 0x0000000612600000|  0%| F|  |TAMS 0x0000000612400000, 0x0000000612400000| Untracked 
| 132|0x0000000612600000, 0x0000000612600000, 0x0000000612800000|  0%| F|  |TAMS 0x0000000612600000, 0x0000000612600000| Untracked 
| 133|0x0000000612800000, 0x0000000612800000, 0x0000000612a00000|  0%| F|  |TAMS 0x0000000612800000, 0x0000000612800000| Untracked 
| 134|0x0000000612a00000, 0x0000000612a00000, 0x0000000612c00000|  0%| F|  |TAMS 0x0000000612a00000, 0x0000000612a00000| Untracked 
| 135|0x0000000612c00000, 0x0000000612c00000, 0x0000000612e00000|  0%| F|  |TAMS 0x0000000612c00000, 0x0000000612c00000| Untracked 
| 136|0x0000000612e00000, 0x0000000612e00000, 0x0000000613000000|  0%| F|  |TAMS 0x0000000612e00000, 0x0000000612e00000| Untracked 
| 137|0x0000000613000000, 0x0000000613000000, 0x0000000613200000|  0%| F|  |TAMS 0x0000000613000000, 0x0000000613000000| Untracked 
| 138|0x0000000613200000, 0x0000000613200000, 0x0000000613400000|  0%| F|  |TAMS 0x0000000613200000, 0x0000000613200000| Untracked 
| 139|0x0000000613400000, 0x0000000613400000, 0x0000000613600000|  0%| F|  |TAMS 0x0000000613400000, 0x0000000613400000| Untracked 
| 140|0x0000000613600000, 0x0000000613600000, 0x0000000613800000|  0%| F|  |TAMS 0x0000000613600000, 0x0000000613600000| Untracked 
| 141|0x0000000613800000, 0x0000000613800000, 0x0000000613a00000|  0%| F|  |TAMS 0x0000000613800000, 0x0000000613800000| Untracked 
| 142|0x0000000613a00000, 0x0000000613a00000, 0x0000000613c00000|  0%| F|  |TAMS 0x0000000613a00000, 0x0000000613a00000| Untracked 
| 143|0x0000000613c00000, 0x0000000613c00000, 0x0000000613e00000|  0%| F|  |TAMS 0x0000000613c00000, 0x0000000613c00000| Untracked 
| 144|0x0000000613e00000, 0x0000000613e00000, 0x0000000614000000|  0%| F|  |TAMS 0x0000000613e00000, 0x0000000613e00000| Untracked 
| 145|0x0000000614000000, 0x0000000614000000, 0x0000000614200000|  0%| F|  |TAMS 0x0000000614000000, 0x0000000614000000| Untracked 
| 146|0x0000000614200000, 0x0000000614200000, 0x0000000614400000|  0%| F|  |TAMS 0x0000000614200000, 0x0000000614200000| Untracked 
| 147|0x0000000614400000, 0x0000000614400000, 0x0000000614600000|  0%| F|  |TAMS 0x0000000614400000, 0x0000000614400000| Untracked 
| 148|0x0000000614600000, 0x0000000614600000, 0x0000000614800000|  0%| F|  |TAMS 0x0000000614600000, 0x0000000614600000| Untracked 
| 149|0x0000000614800000, 0x0000000614800000, 0x0000000614a00000|  0%| F|  |TAMS 0x0000000614800000, 0x0000000614800000| Untracked 
| 150|0x0000000614a00000, 0x0000000614a00000, 0x0000000614c00000|  0%| F|  |TAMS 0x0000000614a00000, 0x0000000614a00000| Untracked 
| 151|0x0000000614c00000, 0x0000000614c00000, 0x0000000614e00000|  0%| F|  |TAMS 0x0000000614c00000, 0x0000000614c00000| Untracked 
| 152|0x0000000614e00000, 0x0000000614e00000, 0x0000000615000000|  0%| F|  |TAMS 0x0000000614e00000, 0x0000000614e00000| Untracked 
| 153|0x0000000615000000, 0x0000000615000000, 0x0000000615200000|  0%| F|  |TAMS 0x0000000615000000, 0x0000000615000000| Untracked 
| 154|0x0000000615200000, 0x0000000615200000, 0x0000000615400000|  0%| F|  |TAMS 0x0000000615200000, 0x0000000615200000| Untracked 
| 155|0x0000000615400000, 0x0000000615400000, 0x0000000615600000|  0%| F|  |TAMS 0x0000000615400000, 0x0000000615400000| Untracked 
| 156|0x0000000615600000, 0x0000000615600000, 0x0000000615800000|  0%| F|  |TAMS 0x0000000615600000, 0x0000000615600000| Untracked 
| 157|0x0000000615800000, 0x0000000615800000, 0x0000000615a00000|  0%| F|  |TAMS 0x0000000615800000, 0x0000000615800000| Untracked 
| 158|0x0000000615a00000, 0x0000000615a00000, 0x0000000615c00000|  0%| F|  |TAMS 0x0000000615a00000, 0x0000000615a00000| Untracked 
| 159|0x0000000615c00000, 0x0000000615c00000, 0x0000000615e00000|  0%| F|  |TAMS 0x0000000615c00000, 0x0000000615c00000| Untracked 
| 160|0x0000000615e00000, 0x0000000615e00000, 0x0000000616000000|  0%| F|  |TAMS 0x0000000615e00000, 0x0000000615e00000| Untracked 
| 161|0x0000000616000000, 0x0000000616000000, 0x0000000616200000|  0%| F|  |TAMS 0x0000000616000000, 0x0000000616000000| Untracked 
| 162|0x0000000616200000, 0x0000000616200000, 0x0000000616400000|  0%| F|  |TAMS 0x0000000616200000, 0x0000000616200000| Untracked 
| 163|0x0000000616400000, 0x0000000616400000, 0x0000000616600000|  0%| F|  |TAMS 0x0000000616400000, 0x0000000616400000| Untracked 
| 164|0x0000000616600000, 0x0000000616600000, 0x0000000616800000|  0%| F|  |TAMS 0x0000000616600000, 0x0000000616600000| Untracked 
| 165|0x0000000616800000, 0x0000000616800000, 0x0000000616a00000|  0%| F|  |TAMS 0x0000000616800000, 0x0000000616800000| Untracked 
| 166|0x0000000616a00000, 0x0000000616a00000, 0x0000000616c00000|  0%| F|  |TAMS 0x0000000616a00000, 0x0000000616a00000| Untracked 
| 167|0x0000000616c00000, 0x0000000616c00000, 0x0000000616e00000|  0%| F|  |TAMS 0x0000000616c00000, 0x0000000616c00000| Untracked 
| 168|0x0000000616e00000, 0x0000000616e00000, 0x0000000617000000|  0%| F|  |TAMS 0x0000000616e00000, 0x0000000616e00000| Untracked 
| 169|0x0000000617000000, 0x0000000617000000, 0x0000000617200000|  0%| F|  |TAMS 0x0000000617000000, 0x0000000617000000| Untracked 
| 170|0x0000000617200000, 0x0000000617200000, 0x0000000617400000|  0%| F|  |TAMS 0x0000000617200000, 0x0000000617200000| Untracked 
| 171|0x0000000617400000, 0x0000000617400000, 0x0000000617600000|  0%| F|  |TAMS 0x0000000617400000, 0x0000000617400000| Untracked 
| 172|0x0000000617600000, 0x0000000617600000, 0x0000000617800000|  0%| F|  |TAMS 0x0000000617600000, 0x0000000617600000| Untracked 
| 173|0x0000000617800000, 0x0000000617800000, 0x0000000617a00000|  0%| F|  |TAMS 0x0000000617800000, 0x0000000617800000| Untracked 
| 174|0x0000000617a00000, 0x0000000617a00000, 0x0000000617c00000|  0%| F|  |TAMS 0x0000000617a00000, 0x0000000617a00000| Untracked 
| 175|0x0000000617c00000, 0x0000000617c00000, 0x0000000617e00000|  0%| F|  |TAMS 0x0000000617c00000, 0x0000000617c00000| Untracked 
| 176|0x0000000617e00000, 0x0000000617e00000, 0x0000000618000000|  0%| F|  |TAMS 0x0000000617e00000, 0x0000000617e00000| Untracked 
| 177|0x0000000618000000, 0x0000000618000000, 0x0000000618200000|  0%| F|  |TAMS 0x0000000618000000, 0x0000000618000000| Untracked 
| 178|0x0000000618200000, 0x0000000618200000, 0x0000000618400000|  0%| F|  |TAMS 0x0000000618200000, 0x0000000618200000| Untracked 
| 179|0x0000000618400000, 0x0000000618400000, 0x0000000618600000|  0%| F|  |TAMS 0x0000000618400000, 0x0000000618400000| Untracked 
| 180|0x0000000618600000, 0x0000000618600000, 0x0000000618800000|  0%| F|  |TAMS 0x0000000618600000, 0x0000000618600000| Untracked 
| 181|0x0000000618800000, 0x0000000618800000, 0x0000000618a00000|  0%| F|  |TAMS 0x0000000618800000, 0x0000000618800000| Untracked 
| 182|0x0000000618a00000, 0x0000000618a00000, 0x0000000618c00000|  0%| F|  |TAMS 0x0000000618a00000, 0x0000000618a00000| Untracked 
| 183|0x0000000618c00000, 0x0000000618c00000, 0x0000000618e00000|  0%| F|  |TAMS 0x0000000618c00000, 0x0000000618c00000| Untracked 
| 184|0x0000000618e00000, 0x0000000618e00000, 0x0000000619000000|  0%| F|  |TAMS 0x0000000618e00000, 0x0000000618e00000| Untracked 
| 185|0x0000000619000000, 0x0000000619000000, 0x0000000619200000|  0%| F|  |TAMS 0x0000000619000000, 0x0000000619000000| Untracked 
| 186|0x0000000619200000, 0x0000000619200000, 0x0000000619400000|  0%| F|  |TAMS 0x0000000619200000, 0x0000000619200000| Untracked 
| 187|0x0000000619400000, 0x0000000619400000, 0x0000000619600000|  0%| F|  |TAMS 0x0000000619400000, 0x0000000619400000| Untracked 
| 188|0x0000000619600000, 0x0000000619600000, 0x0000000619800000|  0%| F|  |TAMS 0x0000000619600000, 0x0000000619600000| Untracked 
| 189|0x0000000619800000, 0x0000000619800000, 0x0000000619a00000|  0%| F|  |TAMS 0x0000000619800000, 0x0000000619800000| Untracked 
| 190|0x0000000619a00000, 0x0000000619a00000, 0x0000000619c00000|  0%| F|  |TAMS 0x0000000619a00000, 0x0000000619a00000| Untracked 
| 191|0x0000000619c00000, 0x0000000619c00000, 0x0000000619e00000|  0%| F|  |TAMS 0x0000000619c00000, 0x0000000619c00000| Untracked 
| 192|0x0000000619e00000, 0x0000000619e00000, 0x000000061a000000|  0%| F|  |TAMS 0x0000000619e00000, 0x0000000619e00000| Untracked 
| 193|0x000000061a000000, 0x000000061a000000, 0x000000061a200000|  0%| F|  |TAMS 0x000000061a000000, 0x000000061a000000| Untracked 
| 194|0x000000061a200000, 0x000000061a200000, 0x000000061a400000|  0%| F|  |TAMS 0x000000061a200000, 0x000000061a200000| Untracked 
| 195|0x000000061a400000, 0x000000061a400000, 0x000000061a600000|  0%| F|  |TAMS 0x000000061a400000, 0x000000061a400000| Untracked 
| 196|0x000000061a600000, 0x000000061a600000, 0x000000061a800000|  0%| F|  |TAMS 0x000000061a600000, 0x000000061a600000| Untracked 
| 197|0x000000061a800000, 0x000000061a800000, 0x000000061aa00000|  0%| F|  |TAMS 0x000000061a800000, 0x000000061a800000| Untracked 
| 198|0x000000061aa00000, 0x000000061aa00000, 0x000000061ac00000|  0%| F|  |TAMS 0x000000061aa00000, 0x000000061aa00000| Untracked 
| 199|0x000000061ac00000, 0x000000061ac00000, 0x000000061ae00000|  0%| F|  |TAMS 0x000000061ac00000, 0x000000061ac00000| Untracked 
| 200|0x000000061ae00000, 0x000000061ae00000, 0x000000061b000000|  0%| F|  |TAMS 0x000000061ae00000, 0x000000061ae00000| Untracked 
| 201|0x000000061b000000, 0x000000061b000000, 0x000000061b200000|  0%| F|  |TAMS 0x000000061b000000, 0x000000061b000000| Untracked 
| 202|0x000000061b200000, 0x000000061b200000, 0x000000061b400000|  0%| F|  |TAMS 0x000000061b200000, 0x000000061b200000| Untracked 
| 203|0x000000061b400000, 0x000000061b400000, 0x000000061b600000|  0%| F|  |TAMS 0x000000061b400000, 0x000000061b400000| Untracked 
| 204|0x000000061b600000, 0x000000061b600000, 0x000000061b800000|  0%| F|  |TAMS 0x000000061b600000, 0x000000061b600000| Untracked 
| 205|0x000000061b800000, 0x000000061b800000, 0x000000061ba00000|  0%| F|  |TAMS 0x000000061b800000, 0x000000061b800000| Untracked 
| 206|0x000000061ba00000, 0x000000061ba00000, 0x000000061bc00000|  0%| F|  |TAMS 0x000000061ba00000, 0x000000061ba00000| Untracked 
| 207|0x000000061bc00000, 0x000000061bc00000, 0x000000061be00000|  0%| F|  |TAMS 0x000000061bc00000, 0x000000061bc00000| Untracked 
| 208|0x000000061be00000, 0x000000061be00000, 0x000000061c000000|  0%| F|  |TAMS 0x000000061be00000, 0x000000061be00000| Untracked 
| 209|0x000000061c000000, 0x000000061c000000, 0x000000061c200000|  0%| F|  |TAMS 0x000000061c000000, 0x000000061c000000| Untracked 
| 210|0x000000061c200000, 0x000000061c200000, 0x000000061c400000|  0%| F|  |TAMS 0x000000061c200000, 0x000000061c200000| Untracked 
| 211|0x000000061c400000, 0x000000061c400000, 0x000000061c600000|  0%| F|  |TAMS 0x000000061c400000, 0x000000061c400000| Untracked 
| 212|0x000000061c600000, 0x000000061c600000, 0x000000061c800000|  0%| F|  |TAMS 0x000000061c600000, 0x000000061c600000| Untracked 
| 213|0x000000061c800000, 0x000000061c800000, 0x000000061ca00000|  0%| F|  |TAMS 0x000000061c800000, 0x000000061c800000| Untracked 
| 214|0x000000061ca00000, 0x000000061ca00000, 0x000000061cc00000|  0%| F|  |TAMS 0x000000061ca00000, 0x000000061ca00000| Untracked 
| 215|0x000000061cc00000, 0x000000061cc00000, 0x000000061ce00000|  0%| F|  |TAMS 0x000000061cc00000, 0x000000061cc00000| Untracked 
| 216|0x000000061ce00000, 0x000000061ce00000, 0x000000061d000000|  0%| F|  |TAMS 0x000000061ce00000, 0x000000061ce00000| Untracked 
| 217|0x000000061d000000, 0x000000061d000000, 0x000000061d200000|  0%| F|  |TAMS 0x000000061d000000, 0x000000061d000000| Untracked 
| 218|0x000000061d200000, 0x000000061d200000, 0x000000061d400000|  0%| F|  |TAMS 0x000000061d200000, 0x000000061d200000| Untracked 
| 219|0x000000061d400000, 0x000000061d400000, 0x000000061d600000|  0%| F|  |TAMS 0x000000061d400000, 0x000000061d400000| Untracked 
| 220|0x000000061d600000, 0x000000061d600000, 0x000000061d800000|  0%| F|  |TAMS 0x000000061d600000, 0x000000061d600000| Untracked 
| 221|0x000000061d800000, 0x000000061d800000, 0x000000061da00000|  0%| F|  |TAMS 0x000000061d800000, 0x000000061d800000| Untracked 
| 222|0x000000061da00000, 0x000000061da00000, 0x000000061dc00000|  0%| F|  |TAMS 0x000000061da00000, 0x000000061da00000| Untracked 
| 223|0x000000061dc00000, 0x000000061dc00000, 0x000000061de00000|  0%| F|  |TAMS 0x000000061dc00000, 0x000000061dc00000| Untracked 
| 224|0x000000061de00000, 0x000000061de00000, 0x000000061e000000|  0%| F|  |TAMS 0x000000061de00000, 0x000000061de00000| Untracked 
| 225|0x000000061e000000, 0x000000061e000000, 0x000000061e200000|  0%| F|  |TAMS 0x000000061e000000, 0x000000061e000000| Untracked 
| 226|0x000000061e200000, 0x000000061e200000, 0x000000061e400000|  0%| F|  |TAMS 0x000000061e200000, 0x000000061e200000| Untracked 
| 227|0x000000061e400000, 0x000000061e400000, 0x000000061e600000|  0%| F|  |TAMS 0x000000061e400000, 0x000000061e400000| Untracked 
| 228|0x000000061e600000, 0x000000061e600000, 0x000000061e800000|  0%| F|  |TAMS 0x000000061e600000, 0x000000061e600000| Untracked 
| 229|0x000000061e800000, 0x000000061e800000, 0x000000061ea00000|  0%| F|  |TAMS 0x000000061e800000, 0x000000061e800000| Untracked 
| 230|0x000000061ea00000, 0x000000061ea00000, 0x000000061ec00000|  0%| F|  |TAMS 0x000000061ea00000, 0x000000061ea00000| Untracked 
| 231|0x000000061ec00000, 0x000000061ec00000, 0x000000061ee00000|  0%| F|  |TAMS 0x000000061ec00000, 0x000000061ec00000| Untracked 
| 232|0x000000061ee00000, 0x000000061ee00000, 0x000000061f000000|  0%| F|  |TAMS 0x000000061ee00000, 0x000000061ee00000| Untracked 
| 233|0x000000061f000000, 0x000000061f000000, 0x000000061f200000|  0%| F|  |TAMS 0x000000061f000000, 0x000000061f000000| Untracked 
| 234|0x000000061f200000, 0x000000061f200000, 0x000000061f400000|  0%| F|  |TAMS 0x000000061f200000, 0x000000061f200000| Untracked 
| 235|0x000000061f400000, 0x000000061f400000, 0x000000061f600000|  0%| F|  |TAMS 0x000000061f400000, 0x000000061f400000| Untracked 
| 236|0x000000061f600000, 0x000000061f600000, 0x000000061f800000|  0%| F|  |TAMS 0x000000061f600000, 0x000000061f600000| Untracked 
| 237|0x000000061f800000, 0x000000061f800000, 0x000000061fa00000|  0%| F|  |TAMS 0x000000061f800000, 0x000000061f800000| Untracked 
| 238|0x000000061fa00000, 0x000000061fa00000, 0x000000061fc00000|  0%| F|  |TAMS 0x000000061fa00000, 0x000000061fa00000| Untracked 
| 239|0x000000061fc00000, 0x000000061fc00000, 0x000000061fe00000|  0%| F|  |TAMS 0x000000061fc00000, 0x000000061fc00000| Untracked 
| 240|0x000000061fe00000, 0x000000061fe00000, 0x0000000620000000|  0%| F|  |TAMS 0x000000061fe00000, 0x000000061fe00000| Untracked 
| 241|0x0000000620000000, 0x0000000620000000, 0x0000000620200000|  0%| F|  |TAMS 0x0000000620000000, 0x0000000620000000| Untracked 
| 242|0x0000000620200000, 0x0000000620200000, 0x0000000620400000|  0%| F|  |TAMS 0x0000000620200000, 0x0000000620200000| Untracked 
| 243|0x0000000620400000, 0x0000000620400000, 0x0000000620600000|  0%| F|  |TAMS 0x0000000620400000, 0x0000000620400000| Untracked 
| 244|0x0000000620600000, 0x0000000620600000, 0x0000000620800000|  0%| F|  |TAMS 0x0000000620600000, 0x0000000620600000| Untracked 
| 245|0x0000000620800000, 0x0000000620800000, 0x0000000620a00000|  0%| F|  |TAMS 0x0000000620800000, 0x0000000620800000| Untracked 
| 246|0x0000000620a00000, 0x0000000620a00000, 0x0000000620c00000|  0%| F|  |TAMS 0x0000000620a00000, 0x0000000620a00000| Untracked 
| 247|0x0000000620c00000, 0x0000000620c00000, 0x0000000620e00000|  0%| F|  |TAMS 0x0000000620c00000, 0x0000000620c00000| Untracked 
| 248|0x0000000620e00000, 0x0000000620e00000, 0x0000000621000000|  0%| F|  |TAMS 0x0000000620e00000, 0x0000000620e00000| Untracked 
| 249|0x0000000621000000, 0x0000000621000000, 0x0000000621200000|  0%| F|  |TAMS 0x0000000621000000, 0x0000000621000000| Untracked 
| 250|0x0000000621200000, 0x0000000621200000, 0x0000000621400000|  0%| F|  |TAMS 0x0000000621200000, 0x0000000621200000| Untracked 
| 251|0x0000000621400000, 0x0000000621400000, 0x0000000621600000|  0%| F|  |TAMS 0x0000000621400000, 0x0000000621400000| Untracked 
| 252|0x0000000621600000, 0x0000000621600000, 0x0000000621800000|  0%| F|  |TAMS 0x0000000621600000, 0x0000000621600000| Untracked 
| 253|0x0000000621800000, 0x0000000621800000, 0x0000000621a00000|  0%| F|  |TAMS 0x0000000621800000, 0x0000000621800000| Untracked 
| 254|0x0000000621a00000, 0x0000000621a00000, 0x0000000621c00000|  0%| F|  |TAMS 0x0000000621a00000, 0x0000000621a00000| Untracked 
| 255|0x0000000621c00000, 0x0000000621c00000, 0x0000000621e00000|  0%| F|  |TAMS 0x0000000621c00000, 0x0000000621c00000| Untracked 
| 256|0x0000000621e00000, 0x0000000621e00000, 0x0000000622000000|  0%| F|  |TAMS 0x0000000621e00000, 0x0000000621e00000| Untracked 
| 257|0x0000000622000000, 0x0000000622000000, 0x0000000622200000|  0%| F|  |TAMS 0x0000000622000000, 0x0000000622000000| Untracked 
| 258|0x0000000622200000, 0x0000000622200000, 0x0000000622400000|  0%| F|  |TAMS 0x0000000622200000, 0x0000000622200000| Untracked 
| 259|0x0000000622400000, 0x0000000622400000, 0x0000000622600000|  0%| F|  |TAMS 0x0000000622400000, 0x0000000622400000| Untracked 
| 260|0x0000000622600000, 0x0000000622600000, 0x0000000622800000|  0%| F|  |TAMS 0x0000000622600000, 0x0000000622600000| Untracked 
| 261|0x0000000622800000, 0x0000000622800000, 0x0000000622a00000|  0%| F|  |TAMS 0x0000000622800000, 0x0000000622800000| Untracked 
| 262|0x0000000622a00000, 0x0000000622a00000, 0x0000000622c00000|  0%| F|  |TAMS 0x0000000622a00000, 0x0000000622a00000| Untracked 
| 263|0x0000000622c00000, 0x0000000622c00000, 0x0000000622e00000|  0%| F|  |TAMS 0x0000000622c00000, 0x0000000622c00000| Untracked 
| 264|0x0000000622e00000, 0x0000000622e00000, 0x0000000623000000|  0%| F|  |TAMS 0x0000000622e00000, 0x0000000622e00000| Untracked 
| 265|0x0000000623000000, 0x0000000623000000, 0x0000000623200000|  0%| F|  |TAMS 0x0000000623000000, 0x0000000623000000| Untracked 
| 266|0x0000000623200000, 0x0000000623200000, 0x0000000623400000|  0%| F|  |TAMS 0x0000000623200000, 0x0000000623200000| Untracked 
| 267|0x0000000623400000, 0x0000000623400000, 0x0000000623600000|  0%| F|  |TAMS 0x0000000623400000, 0x0000000623400000| Untracked 
| 268|0x0000000623600000, 0x0000000623600000, 0x0000000623800000|  0%| F|  |TAMS 0x0000000623600000, 0x0000000623600000| Untracked 
| 269|0x0000000623800000, 0x0000000623800000, 0x0000000623a00000|  0%| F|  |TAMS 0x0000000623800000, 0x0000000623800000| Untracked 
| 270|0x0000000623a00000, 0x0000000623a00000, 0x0000000623c00000|  0%| F|  |TAMS 0x0000000623a00000, 0x0000000623a00000| Untracked 
| 271|0x0000000623c00000, 0x0000000623c00000, 0x0000000623e00000|  0%| F|  |TAMS 0x0000000623c00000, 0x0000000623c00000| Untracked 
| 272|0x0000000623e00000, 0x0000000623e00000, 0x0000000624000000|  0%| F|  |TAMS 0x0000000623e00000, 0x0000000623e00000| Untracked 
| 273|0x0000000624000000, 0x0000000624000000, 0x0000000624200000|  0%| F|  |TAMS 0x0000000624000000, 0x0000000624000000| Untracked 
| 274|0x0000000624200000, 0x0000000624200000, 0x0000000624400000|  0%| F|  |TAMS 0x0000000624200000, 0x0000000624200000| Untracked 
| 275|0x0000000624400000, 0x0000000624400000, 0x0000000624600000|  0%| F|  |TAMS 0x0000000624400000, 0x0000000624400000| Untracked 
| 276|0x0000000624600000, 0x0000000624600000, 0x0000000624800000|  0%| F|  |TAMS 0x0000000624600000, 0x0000000624600000| Untracked 
| 277|0x0000000624800000, 0x0000000624800000, 0x0000000624a00000|  0%| F|  |TAMS 0x0000000624800000, 0x0000000624800000| Untracked 
| 278|0x0000000624a00000, 0x0000000624a00000, 0x0000000624c00000|  0%| F|  |TAMS 0x0000000624a00000, 0x0000000624a00000| Untracked 
| 279|0x0000000624c00000, 0x0000000624c00000, 0x0000000624e00000|  0%| F|  |TAMS 0x0000000624c00000, 0x0000000624c00000| Untracked 
| 280|0x0000000624e00000, 0x0000000624e00000, 0x0000000625000000|  0%| F|  |TAMS 0x0000000624e00000, 0x0000000624e00000| Untracked 
| 281|0x0000000625000000, 0x0000000625000000, 0x0000000625200000|  0%| F|  |TAMS 0x0000000625000000, 0x0000000625000000| Untracked 
| 282|0x0000000625200000, 0x0000000625200000, 0x0000000625400000|  0%| F|  |TAMS 0x0000000625200000, 0x0000000625200000| Untracked 
| 283|0x0000000625400000, 0x0000000625400000, 0x0000000625600000|  0%| F|  |TAMS 0x0000000625400000, 0x0000000625400000| Untracked 
| 284|0x0000000625600000, 0x0000000625600000, 0x0000000625800000|  0%| F|  |TAMS 0x0000000625600000, 0x0000000625600000| Untracked 
| 285|0x0000000625800000, 0x0000000625800000, 0x0000000625a00000|  0%| F|  |TAMS 0x0000000625800000, 0x0000000625800000| Untracked 
| 286|0x0000000625a00000, 0x0000000625a00000, 0x0000000625c00000|  0%| F|  |TAMS 0x0000000625a00000, 0x0000000625a00000| Untracked 
| 287|0x0000000625c00000, 0x0000000625c00000, 0x0000000625e00000|  0%| F|  |TAMS 0x0000000625c00000, 0x0000000625c00000| Untracked 
| 288|0x0000000625e00000, 0x0000000625e00000, 0x0000000626000000|  0%| F|  |TAMS 0x0000000625e00000, 0x0000000625e00000| Untracked 
| 289|0x0000000626000000, 0x0000000626000000, 0x0000000626200000|  0%| F|  |TAMS 0x0000000626000000, 0x0000000626000000| Untracked 
| 290|0x0000000626200000, 0x0000000626200000, 0x0000000626400000|  0%| F|  |TAMS 0x0000000626200000, 0x0000000626200000| Untracked 
| 291|0x0000000626400000, 0x0000000626400000, 0x0000000626600000|  0%| F|  |TAMS 0x0000000626400000, 0x0000000626400000| Untracked 
| 292|0x0000000626600000, 0x0000000626600000, 0x0000000626800000|  0%| F|  |TAMS 0x0000000626600000, 0x0000000626600000| Untracked 
| 293|0x0000000626800000, 0x0000000626800000, 0x0000000626a00000|  0%| F|  |TAMS 0x0000000626800000, 0x0000000626800000| Untracked 
| 294|0x0000000626a00000, 0x0000000626a00000, 0x0000000626c00000|  0%| F|  |TAMS 0x0000000626a00000, 0x0000000626a00000| Untracked 
| 295|0x0000000626c00000, 0x0000000626c00000, 0x0000000626e00000|  0%| F|  |TAMS 0x0000000626c00000, 0x0000000626c00000| Untracked 
| 296|0x0000000626e00000, 0x0000000626e00000, 0x0000000627000000|  0%| F|  |TAMS 0x0000000626e00000, 0x0000000626e00000| Untracked 
| 297|0x0000000627000000, 0x0000000627000000, 0x0000000627200000|  0%| F|  |TAMS 0x0000000627000000, 0x0000000627000000| Untracked 
| 298|0x0000000627200000, 0x0000000627200000, 0x0000000627400000|  0%| F|  |TAMS 0x0000000627200000, 0x0000000627200000| Untracked 
| 299|0x0000000627400000, 0x0000000627400000, 0x0000000627600000|  0%| F|  |TAMS 0x0000000627400000, 0x0000000627400000| Untracked 
| 300|0x0000000627600000, 0x0000000627600000, 0x0000000627800000|  0%| F|  |TAMS 0x0000000627600000, 0x0000000627600000| Untracked 
| 301|0x0000000627800000, 0x0000000627800000, 0x0000000627a00000|  0%| F|  |TAMS 0x0000000627800000, 0x0000000627800000| Untracked 
| 302|0x0000000627a00000, 0x0000000627a00000, 0x0000000627c00000|  0%| F|  |TAMS 0x0000000627a00000, 0x0000000627a00000| Untracked 
| 303|0x0000000627c00000, 0x0000000627c00000, 0x0000000627e00000|  0%| F|  |TAMS 0x0000000627c00000, 0x0000000627c00000| Untracked 
| 304|0x0000000627e00000, 0x0000000627e00000, 0x0000000628000000|  0%| F|  |TAMS 0x0000000627e00000, 0x0000000627e00000| Untracked 
| 305|0x0000000628000000, 0x0000000628000000, 0x0000000628200000|  0%| F|  |TAMS 0x0000000628000000, 0x0000000628000000| Untracked 
| 306|0x0000000628200000, 0x0000000628200000, 0x0000000628400000|  0%| F|  |TAMS 0x0000000628200000, 0x0000000628200000| Untracked 
| 307|0x0000000628400000, 0x0000000628400000, 0x0000000628600000|  0%| F|  |TAMS 0x0000000628400000, 0x0000000628400000| Untracked 
| 308|0x0000000628600000, 0x0000000628600000, 0x0000000628800000|  0%| F|  |TAMS 0x0000000628600000, 0x0000000628600000| Untracked 
| 309|0x0000000628800000, 0x0000000628800000, 0x0000000628a00000|  0%| F|  |TAMS 0x0000000628800000, 0x0000000628800000| Untracked 
| 310|0x0000000628a00000, 0x0000000628a00000, 0x0000000628c00000|  0%| F|  |TAMS 0x0000000628a00000, 0x0000000628a00000| Untracked 
| 311|0x0000000628c00000, 0x0000000628c00000, 0x0000000628e00000|  0%| F|  |TAMS 0x0000000628c00000, 0x0000000628c00000| Untracked 
| 312|0x0000000628e00000, 0x0000000628e00000, 0x0000000629000000|  0%| F|  |TAMS 0x0000000628e00000, 0x0000000628e00000| Untracked 
| 313|0x0000000629000000, 0x0000000629000000, 0x0000000629200000|  0%| F|  |TAMS 0x0000000629000000, 0x0000000629000000| Untracked 
| 314|0x0000000629200000, 0x0000000629200000, 0x0000000629400000|  0%| F|  |TAMS 0x0000000629200000, 0x0000000629200000| Untracked 
| 315|0x0000000629400000, 0x0000000629400000, 0x0000000629600000|  0%| F|  |TAMS 0x0000000629400000, 0x0000000629400000| Untracked 
| 316|0x0000000629600000, 0x0000000629600000, 0x0000000629800000|  0%| F|  |TAMS 0x0000000629600000, 0x0000000629600000| Untracked 
| 317|0x0000000629800000, 0x0000000629800000, 0x0000000629a00000|  0%| F|  |TAMS 0x0000000629800000, 0x0000000629800000| Untracked 
| 318|0x0000000629a00000, 0x0000000629a00000, 0x0000000629c00000|  0%| F|  |TAMS 0x0000000629a00000, 0x0000000629a00000| Untracked 
| 319|0x0000000629c00000, 0x0000000629c00000, 0x0000000629e00000|  0%| F|  |TAMS 0x0000000629c00000, 0x0000000629c00000| Untracked 
| 320|0x0000000629e00000, 0x0000000629e00000, 0x000000062a000000|  0%| F|  |TAMS 0x0000000629e00000, 0x0000000629e00000| Untracked 
| 321|0x000000062a000000, 0x000000062a000000, 0x000000062a200000|  0%| F|  |TAMS 0x000000062a000000, 0x000000062a000000| Untracked 
| 322|0x000000062a200000, 0x000000062a200000, 0x000000062a400000|  0%| F|  |TAMS 0x000000062a200000, 0x000000062a200000| Untracked 
| 323|0x000000062a400000, 0x000000062a400000, 0x000000062a600000|  0%| F|  |TAMS 0x000000062a400000, 0x000000062a400000| Untracked 
| 324|0x000000062a600000, 0x000000062a600000, 0x000000062a800000|  0%| F|  |TAMS 0x000000062a600000, 0x000000062a600000| Untracked 
| 325|0x000000062a800000, 0x000000062a800000, 0x000000062aa00000|  0%| F|  |TAMS 0x000000062a800000, 0x000000062a800000| Untracked 
| 326|0x000000062aa00000, 0x000000062aa00000, 0x000000062ac00000|  0%| F|  |TAMS 0x000000062aa00000, 0x000000062aa00000| Untracked 
| 327|0x000000062ac00000, 0x000000062ac00000, 0x000000062ae00000|  0%| F|  |TAMS 0x000000062ac00000, 0x000000062ac00000| Untracked 
| 328|0x000000062ae00000, 0x000000062ae00000, 0x000000062b000000|  0%| F|  |TAMS 0x000000062ae00000, 0x000000062ae00000| Untracked 
| 329|0x000000062b000000, 0x000000062b000000, 0x000000062b200000|  0%| F|  |TAMS 0x000000062b000000, 0x000000062b000000| Untracked 
| 330|0x000000062b200000, 0x000000062b200000, 0x000000062b400000|  0%| F|  |TAMS 0x000000062b200000, 0x000000062b200000| Untracked 
| 331|0x000000062b400000, 0x000000062b400000, 0x000000062b600000|  0%| F|  |TAMS 0x000000062b400000, 0x000000062b400000| Untracked 
| 332|0x000000062b600000, 0x000000062b600000, 0x000000062b800000|  0%| F|  |TAMS 0x000000062b600000, 0x000000062b600000| Untracked 
| 333|0x000000062b800000, 0x000000062b800000, 0x000000062ba00000|  0%| F|  |TAMS 0x000000062b800000, 0x000000062b800000| Untracked 
| 334|0x000000062ba00000, 0x000000062ba00000, 0x000000062bc00000|  0%| F|  |TAMS 0x000000062ba00000, 0x000000062ba00000| Untracked 
| 335|0x000000062bc00000, 0x000000062bc00000, 0x000000062be00000|  0%| F|  |TAMS 0x000000062bc00000, 0x000000062bc00000| Untracked 
| 336|0x000000062be00000, 0x000000062be00000, 0x000000062c000000|  0%| F|  |TAMS 0x000000062be00000, 0x000000062be00000| Untracked 
| 337|0x000000062c000000, 0x000000062c000000, 0x000000062c200000|  0%| F|  |TAMS 0x000000062c000000, 0x000000062c000000| Untracked 
| 338|0x000000062c200000, 0x000000062c200000, 0x000000062c400000|  0%| F|  |TAMS 0x000000062c200000, 0x000000062c200000| Untracked 
| 339|0x000000062c400000, 0x000000062c400000, 0x000000062c600000|  0%| F|  |TAMS 0x000000062c400000, 0x000000062c400000| Untracked 
| 340|0x000000062c600000, 0x000000062c600000, 0x000000062c800000|  0%| F|  |TAMS 0x000000062c600000, 0x000000062c600000| Untracked 
| 341|0x000000062c800000, 0x000000062c800000, 0x000000062ca00000|  0%| F|  |TAMS 0x000000062c800000, 0x000000062c800000| Untracked 
| 342|0x000000062ca00000, 0x000000062ca00000, 0x000000062cc00000|  0%| F|  |TAMS 0x000000062ca00000, 0x000000062ca00000| Untracked 
| 343|0x000000062cc00000, 0x000000062cc00000, 0x000000062ce00000|  0%| F|  |TAMS 0x000000062cc00000, 0x000000062cc00000| Untracked 
| 344|0x000000062ce00000, 0x000000062ce00000, 0x000000062d000000|  0%| F|  |TAMS 0x000000062ce00000, 0x000000062ce00000| Untracked 
| 345|0x000000062d000000, 0x000000062d000000, 0x000000062d200000|  0%| F|  |TAMS 0x000000062d000000, 0x000000062d000000| Untracked 
| 346|0x000000062d200000, 0x000000062d200000, 0x000000062d400000|  0%| F|  |TAMS 0x000000062d200000, 0x000000062d200000| Untracked 
| 347|0x000000062d400000, 0x000000062d400000, 0x000000062d600000|  0%| F|  |TAMS 0x000000062d400000, 0x000000062d400000| Untracked 
| 348|0x000000062d600000, 0x000000062d600000, 0x000000062d800000|  0%| F|  |TAMS 0x000000062d600000, 0x000000062d600000| Untracked 
| 349|0x000000062d800000, 0x000000062d800000, 0x000000062da00000|  0%| F|  |TAMS 0x000000062d800000, 0x000000062d800000| Untracked 
| 350|0x000000062da00000, 0x000000062da00000, 0x000000062dc00000|  0%| F|  |TAMS 0x000000062da00000, 0x000000062da00000| Untracked 
| 351|0x000000062dc00000, 0x000000062dc00000, 0x000000062de00000|  0%| F|  |TAMS 0x000000062dc00000, 0x000000062dc00000| Untracked 
| 352|0x000000062de00000, 0x000000062de00000, 0x000000062e000000|  0%| F|  |TAMS 0x000000062de00000, 0x000000062de00000| Untracked 
| 353|0x000000062e000000, 0x000000062e000000, 0x000000062e200000|  0%| F|  |TAMS 0x000000062e000000, 0x000000062e000000| Untracked 
| 354|0x000000062e200000, 0x000000062e200000, 0x000000062e400000|  0%| F|  |TAMS 0x000000062e200000, 0x000000062e200000| Untracked 
| 355|0x000000062e400000, 0x000000062e400000, 0x000000062e600000|  0%| F|  |TAMS 0x000000062e400000, 0x000000062e400000| Untracked 
| 356|0x000000062e600000, 0x000000062e600000, 0x000000062e800000|  0%| F|  |TAMS 0x000000062e600000, 0x000000062e600000| Untracked 
| 357|0x000000062e800000, 0x000000062e800000, 0x000000062ea00000|  0%| F|  |TAMS 0x000000062e800000, 0x000000062e800000| Untracked 
| 358|0x000000062ea00000, 0x000000062ea00000, 0x000000062ec00000|  0%| F|  |TAMS 0x000000062ea00000, 0x000000062ea00000| Untracked 
| 359|0x000000062ec00000, 0x000000062ec00000, 0x000000062ee00000|  0%| F|  |TAMS 0x000000062ec00000, 0x000000062ec00000| Untracked 
| 360|0x000000062ee00000, 0x000000062ee00000, 0x000000062f000000|  0%| F|  |TAMS 0x000000062ee00000, 0x000000062ee00000| Untracked 
| 361|0x000000062f000000, 0x000000062f000000, 0x000000062f200000|  0%| F|  |TAMS 0x000000062f000000, 0x000000062f000000| Untracked 
| 362|0x000000062f200000, 0x000000062f200000, 0x000000062f400000|  0%| F|  |TAMS 0x000000062f200000, 0x000000062f200000| Untracked 
| 363|0x000000062f400000, 0x000000062f400000, 0x000000062f600000|  0%| F|  |TAMS 0x000000062f400000, 0x000000062f400000| Untracked 
| 364|0x000000062f600000, 0x000000062f600000, 0x000000062f800000|  0%| F|  |TAMS 0x000000062f600000, 0x000000062f600000| Untracked 
| 365|0x000000062f800000, 0x000000062f800000, 0x000000062fa00000|  0%| F|  |TAMS 0x000000062f800000, 0x000000062f800000| Untracked 
| 366|0x000000062fa00000, 0x000000062fa00000, 0x000000062fc00000|  0%| F|  |TAMS 0x000000062fa00000, 0x000000062fa00000| Untracked 
| 367|0x000000062fc00000, 0x000000062fc00000, 0x000000062fe00000|  0%| F|  |TAMS 0x000000062fc00000, 0x000000062fc00000| Untracked 
| 368|0x000000062fe00000, 0x000000062fe00000, 0x0000000630000000|  0%| F|  |TAMS 0x000000062fe00000, 0x000000062fe00000| Untracked 
| 369|0x0000000630000000, 0x0000000630000000, 0x0000000630200000|  0%| F|  |TAMS 0x0000000630000000, 0x0000000630000000| Untracked 
| 370|0x0000000630200000, 0x0000000630200000, 0x0000000630400000|  0%| F|  |TAMS 0x0000000630200000, 0x0000000630200000| Untracked 
| 371|0x0000000630400000, 0x0000000630400000, 0x0000000630600000|  0%| F|  |TAMS 0x0000000630400000, 0x0000000630400000| Untracked 
| 372|0x0000000630600000, 0x0000000630600000, 0x0000000630800000|  0%| F|  |TAMS 0x0000000630600000, 0x0000000630600000| Untracked 
| 373|0x0000000630800000, 0x0000000630800000, 0x0000000630a00000|  0%| F|  |TAMS 0x0000000630800000, 0x0000000630800000| Untracked 
| 374|0x0000000630a00000, 0x0000000630a00000, 0x0000000630c00000|  0%| F|  |TAMS 0x0000000630a00000, 0x0000000630a00000| Untracked 
| 375|0x0000000630c00000, 0x0000000630c00000, 0x0000000630e00000|  0%| F|  |TAMS 0x0000000630c00000, 0x0000000630c00000| Untracked 
| 376|0x0000000630e00000, 0x0000000630e00000, 0x0000000631000000|  0%| F|  |TAMS 0x0000000630e00000, 0x0000000630e00000| Untracked 
| 377|0x0000000631000000, 0x0000000631000000, 0x0000000631200000|  0%| F|  |TAMS 0x0000000631000000, 0x0000000631000000| Untracked 
| 378|0x0000000631200000, 0x0000000631200000, 0x0000000631400000|  0%| F|  |TAMS 0x0000000631200000, 0x0000000631200000| Untracked 
| 379|0x0000000631400000, 0x0000000631400000, 0x0000000631600000|  0%| F|  |TAMS 0x0000000631400000, 0x0000000631400000| Untracked 
| 380|0x0000000631600000, 0x0000000631600000, 0x0000000631800000|  0%| F|  |TAMS 0x0000000631600000, 0x0000000631600000| Untracked 
| 381|0x0000000631800000, 0x0000000631800000, 0x0000000631a00000|  0%| F|  |TAMS 0x0000000631800000, 0x0000000631800000| Untracked 
| 382|0x0000000631a00000, 0x0000000631a00000, 0x0000000631c00000|  0%| F|  |TAMS 0x0000000631a00000, 0x0000000631a00000| Untracked 
| 383|0x0000000631c00000, 0x0000000631c00000, 0x0000000631e00000|  0%| F|  |TAMS 0x0000000631c00000, 0x0000000631c00000| Untracked 
| 384|0x0000000631e00000, 0x0000000631e00000, 0x0000000632000000|  0%| F|  |TAMS 0x0000000631e00000, 0x0000000631e00000| Untracked 
| 385|0x0000000632000000, 0x0000000632000000, 0x0000000632200000|  0%| F|  |TAMS 0x0000000632000000, 0x0000000632000000| Untracked 
| 386|0x0000000632200000, 0x0000000632200000, 0x0000000632400000|  0%| F|  |TAMS 0x0000000632200000, 0x0000000632200000| Untracked 
| 387|0x0000000632400000, 0x0000000632400000, 0x0000000632600000|  0%| F|  |TAMS 0x0000000632400000, 0x0000000632400000| Untracked 
| 388|0x0000000632600000, 0x0000000632600000, 0x0000000632800000|  0%| F|  |TAMS 0x0000000632600000, 0x0000000632600000| Untracked 
| 389|0x0000000632800000, 0x0000000632800000, 0x0000000632a00000|  0%| F|  |TAMS 0x0000000632800000, 0x0000000632800000| Untracked 
| 390|0x0000000632a00000, 0x0000000632a00000, 0x0000000632c00000|  0%| F|  |TAMS 0x0000000632a00000, 0x0000000632a00000| Untracked 
| 391|0x0000000632c00000, 0x0000000632c00000, 0x0000000632e00000|  0%| F|  |TAMS 0x0000000632c00000, 0x0000000632c00000| Untracked 
| 392|0x0000000632e00000, 0x0000000632e00000, 0x0000000633000000|  0%| F|  |TAMS 0x0000000632e00000, 0x0000000632e00000| Untracked 
| 393|0x0000000633000000, 0x0000000633000000, 0x0000000633200000|  0%| F|  |TAMS 0x0000000633000000, 0x0000000633000000| Untracked 
| 394|0x0000000633200000, 0x0000000633200000, 0x0000000633400000|  0%| F|  |TAMS 0x0000000633200000, 0x0000000633200000| Untracked 
| 395|0x0000000633400000, 0x0000000633400000, 0x0000000633600000|  0%| F|  |TAMS 0x0000000633400000, 0x0000000633400000| Untracked 
| 396|0x0000000633600000, 0x0000000633600000, 0x0000000633800000|  0%| F|  |TAMS 0x0000000633600000, 0x0000000633600000| Untracked 
| 397|0x0000000633800000, 0x0000000633800000, 0x0000000633a00000|  0%| F|  |TAMS 0x0000000633800000, 0x0000000633800000| Untracked 
| 398|0x0000000633a00000, 0x0000000633a00000, 0x0000000633c00000|  0%| F|  |TAMS 0x0000000633a00000, 0x0000000633a00000| Untracked 
| 399|0x0000000633c00000, 0x0000000633c00000, 0x0000000633e00000|  0%| F|  |TAMS 0x0000000633c00000, 0x0000000633c00000| Untracked 
| 400|0x0000000633e00000, 0x0000000633e00000, 0x0000000634000000|  0%| F|  |TAMS 0x0000000633e00000, 0x0000000633e00000| Untracked 
| 401|0x0000000634000000, 0x0000000634000000, 0x0000000634200000|  0%| F|  |TAMS 0x0000000634000000, 0x0000000634000000| Untracked 
| 402|0x0000000634200000, 0x0000000634200000, 0x0000000634400000|  0%| F|  |TAMS 0x0000000634200000, 0x0000000634200000| Untracked 
| 403|0x0000000634400000, 0x0000000634400000, 0x0000000634600000|  0%| F|  |TAMS 0x0000000634400000, 0x0000000634400000| Untracked 
| 404|0x0000000634600000, 0x0000000634600000, 0x0000000634800000|  0%| F|  |TAMS 0x0000000634600000, 0x0000000634600000| Untracked 
| 405|0x0000000634800000, 0x0000000634800000, 0x0000000634a00000|  0%| F|  |TAMS 0x0000000634800000, 0x0000000634800000| Untracked 
| 406|0x0000000634a00000, 0x0000000634a00000, 0x0000000634c00000|  0%| F|  |TAMS 0x0000000634a00000, 0x0000000634a00000| Untracked 
| 407|0x0000000634c00000, 0x0000000634c00000, 0x0000000634e00000|  0%| F|  |TAMS 0x0000000634c00000, 0x0000000634c00000| Untracked 
| 408|0x0000000634e00000, 0x0000000634e00000, 0x0000000635000000|  0%| F|  |TAMS 0x0000000634e00000, 0x0000000634e00000| Untracked 
| 409|0x0000000635000000, 0x0000000635000000, 0x0000000635200000|  0%| F|  |TAMS 0x0000000635000000, 0x0000000635000000| Untracked 
| 410|0x0000000635200000, 0x0000000635200000, 0x0000000635400000|  0%| F|  |TAMS 0x0000000635200000, 0x0000000635200000| Untracked 
| 411|0x0000000635400000, 0x0000000635400000, 0x0000000635600000|  0%| F|  |TAMS 0x0000000635400000, 0x0000000635400000| Untracked 
| 412|0x0000000635600000, 0x0000000635600000, 0x0000000635800000|  0%| F|  |TAMS 0x0000000635600000, 0x0000000635600000| Untracked 
| 413|0x0000000635800000, 0x0000000635800000, 0x0000000635a00000|  0%| F|  |TAMS 0x0000000635800000, 0x0000000635800000| Untracked 
| 414|0x0000000635a00000, 0x0000000635a00000, 0x0000000635c00000|  0%| F|  |TAMS 0x0000000635a00000, 0x0000000635a00000| Untracked 
| 415|0x0000000635c00000, 0x0000000635c00000, 0x0000000635e00000|  0%| F|  |TAMS 0x0000000635c00000, 0x0000000635c00000| Untracked 
| 416|0x0000000635e00000, 0x0000000635e00000, 0x0000000636000000|  0%| F|  |TAMS 0x0000000635e00000, 0x0000000635e00000| Untracked 
| 417|0x0000000636000000, 0x0000000636000000, 0x0000000636200000|  0%| F|  |TAMS 0x0000000636000000, 0x0000000636000000| Untracked 
| 418|0x0000000636200000, 0x0000000636200000, 0x0000000636400000|  0%| F|  |TAMS 0x0000000636200000, 0x0000000636200000| Untracked 
| 419|0x0000000636400000, 0x0000000636400000, 0x0000000636600000|  0%| F|  |TAMS 0x0000000636400000, 0x0000000636400000| Untracked 
| 420|0x0000000636600000, 0x0000000636600000, 0x0000000636800000|  0%| F|  |TAMS 0x0000000636600000, 0x0000000636600000| Untracked 
| 421|0x0000000636800000, 0x0000000636800000, 0x0000000636a00000|  0%| F|  |TAMS 0x0000000636800000, 0x0000000636800000| Untracked 
| 422|0x0000000636a00000, 0x0000000636a00000, 0x0000000636c00000|  0%| F|  |TAMS 0x0000000636a00000, 0x0000000636a00000| Untracked 
| 423|0x0000000636c00000, 0x0000000636c00000, 0x0000000636e00000|  0%| F|  |TAMS 0x0000000636c00000, 0x0000000636c00000| Untracked 
| 424|0x0000000636e00000, 0x0000000636e00000, 0x0000000637000000|  0%| F|  |TAMS 0x0000000636e00000, 0x0000000636e00000| Untracked 
| 425|0x0000000637000000, 0x0000000637000000, 0x0000000637200000|  0%| F|  |TAMS 0x0000000637000000, 0x0000000637000000| Untracked 
| 426|0x0000000637200000, 0x0000000637200000, 0x0000000637400000|  0%| F|  |TAMS 0x0000000637200000, 0x0000000637200000| Untracked 
| 427|0x0000000637400000, 0x0000000637400000, 0x0000000637600000|  0%| F|  |TAMS 0x0000000637400000, 0x0000000637400000| Untracked 
| 428|0x0000000637600000, 0x0000000637600000, 0x0000000637800000|  0%| F|  |TAMS 0x0000000637600000, 0x0000000637600000| Untracked 
| 429|0x0000000637800000, 0x0000000637800000, 0x0000000637a00000|  0%| F|  |TAMS 0x0000000637800000, 0x0000000637800000| Untracked 
| 430|0x0000000637a00000, 0x0000000637a00000, 0x0000000637c00000|  0%| F|  |TAMS 0x0000000637a00000, 0x0000000637a00000| Untracked 
| 431|0x0000000637c00000, 0x0000000637c00000, 0x0000000637e00000|  0%| F|  |TAMS 0x0000000637c00000, 0x0000000637c00000| Untracked 
| 432|0x0000000637e00000, 0x0000000637e00000, 0x0000000638000000|  0%| F|  |TAMS 0x0000000637e00000, 0x0000000637e00000| Untracked 
| 433|0x0000000638000000, 0x0000000638000000, 0x0000000638200000|  0%| F|  |TAMS 0x0000000638000000, 0x0000000638000000| Untracked 
| 434|0x0000000638200000, 0x0000000638200000, 0x0000000638400000|  0%| F|  |TAMS 0x0000000638200000, 0x0000000638200000| Untracked 
| 435|0x0000000638400000, 0x0000000638400000, 0x0000000638600000|  0%| F|  |TAMS 0x0000000638400000, 0x0000000638400000| Untracked 
| 436|0x0000000638600000, 0x0000000638600000, 0x0000000638800000|  0%| F|  |TAMS 0x0000000638600000, 0x0000000638600000| Untracked 
| 437|0x0000000638800000, 0x0000000638800000, 0x0000000638a00000|  0%| F|  |TAMS 0x0000000638800000, 0x0000000638800000| Untracked 
| 438|0x0000000638a00000, 0x0000000638a00000, 0x0000000638c00000|  0%| F|  |TAMS 0x0000000638a00000, 0x0000000638a00000| Untracked 
| 439|0x0000000638c00000, 0x0000000638c00000, 0x0000000638e00000|  0%| F|  |TAMS 0x0000000638c00000, 0x0000000638c00000| Untracked 
| 440|0x0000000638e00000, 0x0000000638e00000, 0x0000000639000000|  0%| F|  |TAMS 0x0000000638e00000, 0x0000000638e00000| Untracked 
| 441|0x0000000639000000, 0x0000000639000000, 0x0000000639200000|  0%| F|  |TAMS 0x0000000639000000, 0x0000000639000000| Untracked 
| 442|0x0000000639200000, 0x0000000639200000, 0x0000000639400000|  0%| F|  |TAMS 0x0000000639200000, 0x0000000639200000| Untracked 
| 443|0x0000000639400000, 0x0000000639400000, 0x0000000639600000|  0%| F|  |TAMS 0x0000000639400000, 0x0000000639400000| Untracked 
| 444|0x0000000639600000, 0x0000000639600000, 0x0000000639800000|  0%| F|  |TAMS 0x0000000639600000, 0x0000000639600000| Untracked 
| 445|0x0000000639800000, 0x0000000639800000, 0x0000000639a00000|  0%| F|  |TAMS 0x0000000639800000, 0x0000000639800000| Untracked 
| 446|0x0000000639a00000, 0x0000000639a00000, 0x0000000639c00000|  0%| F|  |TAMS 0x0000000639a00000, 0x0000000639a00000| Untracked 
| 447|0x0000000639c00000, 0x0000000639c00000, 0x0000000639e00000|  0%| F|  |TAMS 0x0000000639c00000, 0x0000000639c00000| Untracked 
| 448|0x0000000639e00000, 0x0000000639e00000, 0x000000063a000000|  0%| F|  |TAMS 0x0000000639e00000, 0x0000000639e00000| Untracked 
| 449|0x000000063a000000, 0x000000063a000000, 0x000000063a200000|  0%| F|  |TAMS 0x000000063a000000, 0x000000063a000000| Untracked 
| 450|0x000000063a200000, 0x000000063a200000, 0x000000063a400000|  0%| F|  |TAMS 0x000000063a200000, 0x000000063a200000| Untracked 
| 451|0x000000063a400000, 0x000000063a400000, 0x000000063a600000|  0%| F|  |TAMS 0x000000063a400000, 0x000000063a400000| Untracked 
| 452|0x000000063a600000, 0x000000063a600000, 0x000000063a800000|  0%| F|  |TAMS 0x000000063a600000, 0x000000063a600000| Untracked 
| 453|0x000000063a800000, 0x000000063a800000, 0x000000063aa00000|  0%| F|  |TAMS 0x000000063a800000, 0x000000063a800000| Untracked 
| 454|0x000000063aa00000, 0x000000063aa00000, 0x000000063ac00000|  0%| F|  |TAMS 0x000000063aa00000, 0x000000063aa00000| Untracked 
| 455|0x000000063ac00000, 0x000000063ac00000, 0x000000063ae00000|  0%| F|  |TAMS 0x000000063ac00000, 0x000000063ac00000| Untracked 
| 456|0x000000063ae00000, 0x000000063ae00000, 0x000000063b000000|  0%| F|  |TAMS 0x000000063ae00000, 0x000000063ae00000| Untracked 
| 457|0x000000063b000000, 0x000000063b000000, 0x000000063b200000|  0%| F|  |TAMS 0x000000063b000000, 0x000000063b000000| Untracked 
| 458|0x000000063b200000, 0x000000063b200000, 0x000000063b400000|  0%| F|  |TAMS 0x000000063b200000, 0x000000063b200000| Untracked 
| 459|0x000000063b400000, 0x000000063b400000, 0x000000063b600000|  0%| F|  |TAMS 0x000000063b400000, 0x000000063b400000| Untracked 
| 460|0x000000063b600000, 0x000000063b600000, 0x000000063b800000|  0%| F|  |TAMS 0x000000063b600000, 0x000000063b600000| Untracked 
| 461|0x000000063b800000, 0x000000063b800000, 0x000000063ba00000|  0%| F|  |TAMS 0x000000063b800000, 0x000000063b800000| Untracked 
| 462|0x000000063ba00000, 0x000000063ba00000, 0x000000063bc00000|  0%| F|  |TAMS 0x000000063ba00000, 0x000000063ba00000| Untracked 
| 463|0x000000063bc00000, 0x000000063bc00000, 0x000000063be00000|  0%| F|  |TAMS 0x000000063bc00000, 0x000000063bc00000| Untracked 
| 464|0x000000063be00000, 0x000000063be00000, 0x000000063c000000|  0%| F|  |TAMS 0x000000063be00000, 0x000000063be00000| Untracked 
| 465|0x000000063c000000, 0x000000063c000000, 0x000000063c200000|  0%| F|  |TAMS 0x000000063c000000, 0x000000063c000000| Untracked 
| 466|0x000000063c200000, 0x000000063c200000, 0x000000063c400000|  0%| F|  |TAMS 0x000000063c200000, 0x000000063c200000| Untracked 
| 467|0x000000063c400000, 0x000000063c400000, 0x000000063c600000|  0%| F|  |TAMS 0x000000063c400000, 0x000000063c400000| Untracked 
| 468|0x000000063c600000, 0x000000063c600000, 0x000000063c800000|  0%| F|  |TAMS 0x000000063c600000, 0x000000063c600000| Untracked 
| 469|0x000000063c800000, 0x000000063c998528, 0x000000063ca00000| 79%| S|CS|TAMS 0x000000063c800000, 0x000000063c800000| Complete 
| 470|0x000000063ca00000, 0x000000063ca00000, 0x000000063cc00000|  0%| F|  |TAMS 0x000000063ca00000, 0x000000063ca00000| Untracked 
| 471|0x000000063cc00000, 0x000000063cc00000, 0x000000063ce00000|  0%| F|  |TAMS 0x000000063cc00000, 0x000000063cc00000| Untracked 
| 472|0x000000063ce00000, 0x000000063ce00000, 0x000000063d000000|  0%| F|  |TAMS 0x000000063ce00000, 0x000000063ce00000| Untracked 
| 473|0x000000063d000000, 0x000000063d000000, 0x000000063d200000|  0%| F|  |TAMS 0x000000063d000000, 0x000000063d000000| Untracked 
| 474|0x000000063d200000, 0x000000063d200000, 0x000000063d400000|  0%| F|  |TAMS 0x000000063d200000, 0x000000063d200000| Untracked 
| 475|0x000000063d400000, 0x000000063d400000, 0x000000063d600000|  0%| F|  |TAMS 0x000000063d400000, 0x000000063d400000| Untracked 
| 476|0x000000063d600000, 0x000000063d600000, 0x000000063d800000|  0%| F|  |TAMS 0x000000063d600000, 0x000000063d600000| Untracked 
| 477|0x000000063d800000, 0x000000063d800000, 0x000000063da00000|  0%| F|  |TAMS 0x000000063d800000, 0x000000063d800000| Untracked 
| 478|0x000000063da00000, 0x000000063da00000, 0x000000063dc00000|  0%| F|  |TAMS 0x000000063da00000, 0x000000063da00000| Untracked 
| 479|0x000000063dc00000, 0x000000063dc00000, 0x000000063de00000|  0%| F|  |TAMS 0x000000063dc00000, 0x000000063dc00000| Untracked 
| 480|0x000000063de00000, 0x000000063de00000, 0x000000063e000000|  0%| F|  |TAMS 0x000000063de00000, 0x000000063de00000| Untracked 
| 481|0x000000063e000000, 0x000000063e000000, 0x000000063e200000|  0%| F|  |TAMS 0x000000063e000000, 0x000000063e000000| Untracked 
| 482|0x000000063e200000, 0x000000063e200000, 0x000000063e400000|  0%| F|  |TAMS 0x000000063e200000, 0x000000063e200000| Untracked 
| 483|0x000000063e400000, 0x000000063e400000, 0x000000063e600000|  0%| F|  |TAMS 0x000000063e400000, 0x000000063e400000| Untracked 
| 484|0x000000063e600000, 0x000000063e600000, 0x000000063e800000|  0%| F|  |TAMS 0x000000063e600000, 0x000000063e600000| Untracked 
| 485|0x000000063e800000, 0x000000063e800000, 0x000000063ea00000|  0%| F|  |TAMS 0x000000063e800000, 0x000000063e800000| Untracked 
| 486|0x000000063ea00000, 0x000000063ea00000, 0x000000063ec00000|  0%| F|  |TAMS 0x000000063ea00000, 0x000000063ea00000| Untracked 
| 487|0x000000063ec00000, 0x000000063ec00000, 0x000000063ee00000|  0%| F|  |TAMS 0x000000063ec00000, 0x000000063ec00000| Untracked 
| 488|0x000000063ee00000, 0x000000063ee00000, 0x000000063f000000|  0%| F|  |TAMS 0x000000063ee00000, 0x000000063ee00000| Untracked 
| 489|0x000000063f000000, 0x000000063f000000, 0x000000063f200000|  0%| F|  |TAMS 0x000000063f000000, 0x000000063f000000| Untracked 
| 490|0x000000063f200000, 0x000000063f200000, 0x000000063f400000|  0%| F|  |TAMS 0x000000063f200000, 0x000000063f200000| Untracked 
| 491|0x000000063f400000, 0x000000063f400000, 0x000000063f600000|  0%| F|  |TAMS 0x000000063f400000, 0x000000063f400000| Untracked 
| 492|0x000000063f600000, 0x000000063f600000, 0x000000063f800000|  0%| F|  |TAMS 0x000000063f600000, 0x000000063f600000| Untracked 
| 493|0x000000063f800000, 0x000000063f800000, 0x000000063fa00000|  0%| F|  |TAMS 0x000000063f800000, 0x000000063f800000| Untracked 

Card table byte_map: [0x00000254e4dc0000,0x00000254e5dc0000] _byte_map_base: 0x00000254e1db1000

Marking Bits (Prev, Next): (CMBitMap*) 0x00000254cc7de768, (CMBitMap*) 0x00000254cc7de7a0
 Prev Bits: [0x00000254e6dc0000, 0x00000254eed48000)
 Next Bits: [0x00000254eed50000, 0x00000254f6cd8000)

Polling page: 0x00000254ca6d0000

Metaspace:

Usage:
  Non-class:      7.17 MB capacity,     7.07 MB ( 99%) used,    97.48 KB (  1%) free+waste,     7.81 KB ( <1%) overhead. 
      Class:    760.00 KB capacity,   717.77 KB ( 94%) used,    38.55 KB (  5%) free+waste,     3.69 KB ( <1%) overhead. 
       Both:      7.91 MB capacity,     7.77 MB ( 98%) used,   136.03 KB (  2%) free+waste,    11.50 KB ( <1%) overhead. 

Virtual space:
  Non-class space:        8.00 MB reserved,       7.25 MB ( 91%) committed 
      Class space:        1.00 GB reserved,     768.00 KB ( <1%) committed 
             Both:        1.01 GB reserved,       8.00 MB ( <1%) committed 

Chunk freelists:
   Non-Class:  2.50 KB
       Class:  1.00 KB
        Both:  3.50 KB

CodeHeap 'non-profiled nmethods': size=120000Kb used=150Kb max_used=150Kb free=119850Kb
 bounds [0x00000254dc550000, 0x00000254dc7c0000, 0x00000254e3a80000]
CodeHeap 'profiled nmethods': size=120000Kb used=690Kb max_used=690Kb free=119309Kb
 bounds [0x00000254d5020000, 0x00000254d5290000, 0x00000254dc550000]
CodeHeap 'non-nmethods': size=5760Kb used=1070Kb max_used=1083Kb free=4690Kb
 bounds [0x00000254d4a80000, 0x00000254d4cf0000, 0x00000254d5020000]
 total_blobs=928 nmethods=442 adapters=267
 compilation: enabled
              stopped_count=0, restarted_count=0
 full_count=0

Compilation events (10 events):
Event: 1.064 Thread 0x00000254fa82e800  436       4       java.util.ArrayList$SubList::size (9 bytes)
Event: 1.064 Thread 0x00000254fa82e800 nmethod 436 0x00000254dc571f90 code [0x00000254dc572120, 0x00000254dc5721b8]
Event: 1.064 Thread 0x00000254fa82e800  437       4       java.util.ArrayList$SubList::add (29 bytes)
Event: 1.067 Thread 0x00000254fa831800 nmethod 433 0x00000254dc572290 code [0x00000254dc572440, 0x00000254dc572c78]
Event: 1.067 Thread 0x00000254fa831800  441 %     4       grrr::L\u00f6sung @ 25 (138 bytes)
Event: 1.068 Thread 0x00000254fa219000 nmethod 434 0x00000254dc572f90 code [0x00000254dc573140, 0x00000254dc573898]
Event: 1.071 Thread 0x00000254fa82e800 nmethod 437 0x00000254dc573b90 code [0x00000254dc573d40, 0x00000254dc5741c8]
Event: 1.083 Thread 0x00000254fa831800 nmethod 441% 0x00000254dc574510 code [0x00000254dc574700, 0x00000254dc575058]
Event: 1.231 Thread 0x00000254fa223800  442       3       java.util.Arrays::copyOf (10 bytes)
Event: 1.231 Thread 0x00000254fa223800 nmethod 442 0x00000254d50cc610 code [0x00000254d50cc7c0, 0x00000254d50cc970]

GC Heap History (10 events):
Event: 1.404 GC heap after
{Heap after GC invocations=4 (full 0):
 garbage-first heap   total 524288K, used 38463K [0x0000000601e00000, 0x0000000800000000)
  region size 2048K, 1 young (2048K), 1 survivors (2048K)
 Metaspace       used 7952K, capacity 8100K, committed 8192K, reserved 1056768K
  class space    used 717K, capacity 760K, committed 768K, reserved 1048576K
}
Event: 1.460 GC heap before
{Heap before GC invocations=4 (full 0):
 garbage-first heap   total 524288K, used 77375K [0x0000000601e00000, 0x0000000800000000)
  region size 2048K, 12 young (24576K), 1 survivors (2048K)
 Metaspace       used 7952K, capacity 8100K, committed 8192K, reserved 1056768K
  class space    used 717K, capacity 760K, committed 768K, reserved 1048576K
}
Event: 1.766 GC heap after
{Heap after GC invocations=5 (full 0):
 garbage-first heap   total 1011712K, used 54818K [0x0000000601e00000, 0x0000000800000000)
  region size 2048K, 1 young (2048K), 1 survivors (2048K)
 Metaspace       used 7952K, capacity 8100K, committed 8192K, reserved 1056768K
  class space    used 717K, capacity 760K, committed 768K, reserved 1048576K
}
Event: 1.875 GC heap before
{Heap before GC invocations=5 (full 0):
 garbage-first heap   total 1011712K, used 101922K [0x0000000601e00000, 0x0000000800000000)
  region size 2048K, 24 young (49152K), 1 survivors (2048K)
 Metaspace       used 7952K, capacity 8100K, committed 8192K, reserved 1056768K
  class space    used 717K, capacity 760K, committed 768K, reserved 1048576K
}
Event: 1.934 GC heap after
{Heap after GC invocations=6 (full 0):
 garbage-first heap   total 1011712K, used 54818K [0x0000000601e00000, 0x0000000800000000)
  region size 2048K, 1 young (2048K), 1 survivors (2048K)
 Metaspace       used 7952K, capacity 8100K, committed 8192K, reserved 1056768K
  class space    used 717K, capacity 760K, committed 768K, reserved 1048576K
}
Event: 2.049 GC heap before
{Heap before GC invocations=6 (full 0):
 garbage-first heap   total 1011712K, used 126498K [0x0000000601e00000, 0x0000000800000000)
  region size 2048K, 24 young (49152K), 1 survivors (2048K)
 Metaspace       used 7952K, capacity 8100K, committed 8192K, reserved 1056768K
  class space    used 717K, capacity 760K, committed 768K, reserved 1048576K
}
Event: 2.134 GC heap after
{Heap after GC invocations=7 (full 0):
 garbage-first heap   total 1011712K, used 79474K [0x0000000601e00000, 0x0000000800000000)
  region size 2048K, 1 young (2048K), 1 survivors (2048K)
 Metaspace       used 7952K, capacity 8100K, committed 8192K, reserved 1056768K
  class space    used 717K, capacity 760K, committed 768K, reserved 1048576K
}
Event: 2.234 GC heap before
{Heap before GC invocations=7 (full 0):
 garbage-first heap   total 1011712K, used 126578K [0x0000000601e00000, 0x0000000800000000)
  region size 2048K, 24 young (49152K), 1 survivors (2048K)
 Metaspace       used 7952K, capacity 8100K, committed 8192K, reserved 1056768K
  class space    used 717K, capacity 760K, committed 768K, reserved 1048576K
}
Event: 2.326 GC heap after
{Heap after GC invocations=8 (full 0):
 garbage-first heap   total 1011712K, used 79445K [0x0000000601e00000, 0x0000000800000000)
  region size 2048K, 1 young (2048K), 1 survivors (2048K)
 Metaspace       used 7952K, capacity 8100K, committed 8192K, reserved 1056768K
  class space    used 717K, capacity 760K, committed 768K, reserved 1048576K
}
Event: 2.463 GC heap before
{Heap before GC invocations=8 (full 0):
 garbage-first heap   total 1011712K, used 163413K [0x0000000601e00000, 0x0000000800000000)
  region size 2048K, 24 young (49152K), 1 survivors (2048K)
 Metaspace       used 7952K, capacity 8100K, committed 8192K, reserved 1056768K
  class space    used 717K, capacity 760K, committed 768K, reserved 1048576K
}

Deoptimization events (2 events):
Event: 0.763 Thread 0x00000254cc756800 Uncommon trap: reason=unstable_if action=reinterpret pc=0x00000254dc55e594 method=java.lang.String.isLatin1()Z @ 10 c2
Event: 0.811 Thread 0x00000254cc756800 Uncommon trap: reason=unstable_if action=reinterpret pc=0x00000254dc569100 method=Primfaktorenzerlegung.Primfaktorenzerlegung(J)D @ 18 c2

Classes redefined (0 events):
No events

Internal exceptions (5 events):
Event: 0.788 Thread 0x00000254cc756800 Exception <a 'java/lang/NoSuchMethodError'{0x0000000621b3adc8}: java.lang.invoke.DirectMethodHandle$Holder.invokeStatic(Ljava/lang/Object;Ljava/lang/Object;Ljava/lang/Object;Ljava/lang/Object;Ljava/lang/Object;Ljava/lang/Object;Ljava/lang/Object;Ljava/lan
Event: 0.792 Thread 0x00000254cc756800 Exception <a 'java/lang/NoSuchMethodError'{0x0000000621b5a410}: java.lang.invoke.DirectMethodHandle$Holder.invokeStatic(Ljava/lang/Object;Ljava/lang/Object;Ljava/lang/Object;Ljava/lang/Object;Ljava/lang/Object;Ljava/lang/Object;Ljava/lang/Object;Ljava/lan
Event: 0.796 Thread 0x00000254cc756800 Exception <a 'java/lang/NoSuchMethodError'{0x0000000621b799f8}: java.lang.invoke.DirectMethodHandle$Holder.invokeStatic(Ljava/lang/Object;Ljava/lang/Object;Ljava/lang/Object;Ljava/lang/Object;Ljava/lang/Object;Ljava/lang/Object;Ljava/lang/Object;Ljava/lan
Event: 0.799 Thread 0x00000254cc756800 Exception <a 'java/lang/NoSuchMethodError'{0x0000000621b9a1e0}: java.lang.invoke.DirectMethodHandle$Holder.invokeStatic(Ljava/lang/Object;Ljava/lang/Object;Ljava/lang/Object;Ljava/lang/Object;Ljava/lang/Object;Ljava/lang/Object;Ljava/lang/Object;Ljava/lan
Event: 0.995 Thread 0x00000254fa216800 Exception <a 'java/lang/NoSuchMethodError'{0x000000062188cbc0}: java.lang.invoke.DirectMethodHandle$Holder.invokeStaticInit(Ljava/lang/Object;I)Ljava/lang/Object;> (0x000000062188cbc0) thrown at [t:/workspace/open/src/hotspot/share/interpreter/linkResolve

Events (10 events):
Event: 1.404 Executing VM operation: G1CollectForAllocation done
Event: 1.460 Executing VM operation: G1CollectForAllocation
Event: 1.766 Executing VM operation: G1CollectForAllocation done
Event: 1.874 Executing VM operation: G1CollectForAllocation
Event: 1.934 Executing VM operation: G1CollectForAllocation done
Event: 2.048 Executing VM operation: G1CollectForAllocation
Event: 2.134 Executing VM operation: G1CollectForAllocation done
Event: 2.234 Executing VM operation: G1CollectForAllocation
Event: 2.326 Executing VM operation: G1CollectForAllocation done
Event: 2.463 Executing VM operation: G1CollectForAllocation


Dynamic libraries:
0x00007ff7462a0000 - 0x00007ff7462e7000 	C:\Program Files\Java\jdk-11.0.1\bin\java.exe
0x00007fff5dcb0000 - 0x00007fff5de91000 	C:\Windows\SYSTEM32\ntdll.dll
0x00007fff1d3f0000 - 0x00007fff1d402000 	C:\Program Files\AVAST Software\Avast\aswhook.dll
0x00007fff5b2a0000 - 0x00007fff5b352000 	C:\Windows\System32\KERNEL32.DLL
0x00007fff5a400000 - 0x00007fff5a673000 	C:\Windows\System32\KERNELBASE.dll
0x00007fff5d4f0000 - 0x00007fff5d591000 	C:\Windows\System32\ADVAPI32.dll
0x00007fff5bf30000 - 0x00007fff5bfce000 	C:\Windows\System32\msvcrt.dll
0x00007fff5d5a0000 - 0x00007fff5d5fb000 	C:\Windows\System32\sechost.dll
0x00007fff5bd90000 - 0x00007fff5beb4000 	C:\Windows\System32\RPCRT4.dll
0x00007fff5b360000 - 0x00007fff5b4f0000 	C:\Windows\System32\USER32.dll
0x00007fff5a340000 - 0x00007fff5a360000 	C:\Windows\System32\win32u.dll
0x00007fff5b600000 - 0x00007fff5b628000 	C:\Windows\System32\GDI32.dll
0x00007fff5a680000 - 0x00007fff5a812000 	C:\Windows\System32\gdi32full.dll
0x00007fff5a360000 - 0x00007fff5a3ff000 	C:\Windows\System32\msvcp_win.dll
0x00007fff5a8d0000 - 0x00007fff5a9ca000 	C:\Windows\System32\ucrtbase.dll
0x00007fff4fd20000 - 0x00007fff4ff89000 	C:\Windows\WinSxS\amd64_microsoft.windows.common-controls_6595b64144ccf1df_6.0.17134.523_none_fb409dd930672a56\COMCTL32.dll
0x00007fff5b8b0000 - 0x00007fff5bbd2000 	C:\Windows\System32\combase.dll
0x00007fff5a080000 - 0x00007fff5a0fa000 	C:\Windows\System32\bcryptPrimitives.dll
0x00007fff55250000 - 0x00007fff5525a000 	C:\Windows\SYSTEM32\VERSION.dll
0x00007fff5bd60000 - 0x00007fff5bd8d000 	C:\Windows\System32\IMM32.DLL
0x00007fff548b0000 - 0x00007fff548c6000 	C:\Program Files\Java\jdk-11.0.1\bin\vcruntime140.dll
0x00007fff43760000 - 0x00007fff4380a000 	C:\Program Files\Java\jdk-11.0.1\bin\msvcp140.dll
0x00007ffef0990000 - 0x00007ffef14d2000 	C:\Program Files\Java\jdk-11.0.1\bin\server\jvm.dll
0x00007fff5dc70000 - 0x00007fff5dc78000 	C:\Windows\System32\PSAPI.DLL
0x00007fff4f280000 - 0x00007fff4f289000 	C:\Windows\SYSTEM32\WSOCK32.dll
0x00007fff5bec0000 - 0x00007fff5bf2c000 	C:\Windows\System32\WS2_32.dll
0x00007fff41d20000 - 0x00007fff41d43000 	C:\Windows\SYSTEM32\WINMM.dll
0x00007fff41af0000 - 0x00007fff41b1a000 	C:\Windows\SYSTEM32\WINMMBASE.dll
0x00007fff5a2f0000 - 0x00007fff5a339000 	C:\Windows\System32\cfgmgr32.dll
0x00007fff5a060000 - 0x00007fff5a071000 	C:\Windows\System32\kernel.appcore.dll
0x00007fff547b0000 - 0x00007fff547c1000 	C:\Program Files\Java\jdk-11.0.1\bin\verify.dll
0x00007fff58a10000 - 0x00007fff58bd9000 	C:\Windows\SYSTEM32\DBGHELP.DLL
0x00007fff52400000 - 0x00007fff52429000 	C:\Windows\SYSTEM32\dbgcore.DLL
0x00007fff4e710000 - 0x00007fff4e739000 	C:\Program Files\Java\jdk-11.0.1\bin\java.dll
0x00007fff43ea0000 - 0x00007fff43ecf000 	C:\Program Files\Java\jdk-11.0.1\bin\instrument.dll
0x00007fff4e6f0000 - 0x00007fff4e706000 	C:\Program Files\Java\jdk-11.0.1\bin\zip.dll
0x00007fff558a0000 - 0x00007fff558aa000 	C:\Program Files\Java\jdk-11.0.1\bin\jimage.dll
0x00007fff5bfe0000 - 0x00007fff5d420000 	C:\Windows\System32\SHELL32.dll
0x00007fff5d600000 - 0x00007fff5d6a9000 	C:\Windows\System32\shcore.dll
0x00007fff5aa30000 - 0x00007fff5b13d000 	C:\Windows\System32\windows.storage.dll
0x00007fff5b7f0000 - 0x00007fff5b841000 	C:\Windows\System32\shlwapi.dll
0x00007fff5a040000 - 0x00007fff5a05f000 	C:\Windows\System32\profapi.dll
0x00007fff59ff0000 - 0x00007fff5a03c000 	C:\Windows\System32\powrprof.dll
0x00007fff59fe0000 - 0x00007fff59fea000 	C:\Windows\System32\FLTLIB.DLL
0x00007fff4c590000 - 0x00007fff4c5a9000 	C:\Program Files\Java\jdk-11.0.1\bin\net.dll
0x00007fff55260000 - 0x00007fff5533d000 	C:\Windows\SYSTEM32\WINHTTP.dll
0x00007fff59840000 - 0x00007fff598a6000 	C:\Windows\system32\mswsock.dll
0x00007fff4c510000 - 0x00007fff4c523000 	C:\Program Files\Java\jdk-11.0.1\bin\nio.dll
0x00007fff43e50000 - 0x00007fff43e6a000 	C:\Program Files\JetBrains\IntelliJ IDEA Community Edition 2018.2.5\bin\breakgen64.dll

dbghelp: loaded successfully - version: 4.0.5 - missing functions: none
symbol engine: initialized successfully - sym options: 0x614 - pdb path: .;C:\Program Files\Java\jdk-11.0.1\bin;C:\Windows\SYSTEM32;C:\Program Files\AVAST Software\Avast;C:\Windows\WinSxS\amd64_microsoft.windows.common-controls_6595b64144ccf1df_6.0.17134.523_none_fb409dd930672a56;C:\Program Files\Java\jdk-11.0.1\bin\server;C:\Program Files\JetBrains\IntelliJ IDEA Community Edition 2018.2.5\bin

VM Arguments:
jvm_args: -javaagent:C:\Program Files\JetBrains\IntelliJ IDEA Community Edition 2018.2.5\lib\idea_rt.jar=51465:C:\Program Files\JetBrains\IntelliJ IDEA Community Edition 2018.2.5\bin -Dfile.encoding=UTF-8 
java_command: Main
java_class_path (initial): C:\Users\Paul\IdeaProjects\Primfaktorenzerlegung\out\production\Primfaktorenzerlegung
Launcher Type: SUN_STANDARD

[Global flags]
     intx CICompilerCount                          = 4                                         {product} {ergonomic}
     uint ConcGCThreads                            = 2                                         {product} {ergonomic}
     uint G1ConcRefinementThreads                  = 8                                         {product} {ergonomic}
   size_t G1HeapRegionSize                         = 2097152                                   {product} {ergonomic}
    uintx GCDrainStackTargetSize                   = 64                                        {product} {ergonomic}
   size_t InitialHeapSize                          = 536870912                                 {product} {ergonomic}
   size_t MarkStackSize                            = 4194304                                   {product} {ergonomic}
   size_t MaxHeapSize                              = 8558477312                                {product} {ergonomic}
   size_t MaxNewSize                               = 5133828096                                {product} {ergonomic}
   size_t MinHeapDeltaBytes                        = 2097152                                   {product} {ergonomic}
    uintx NonNMethodCodeHeapSize                   = 5835340                                {pd product} {ergonomic}
    uintx NonProfiledCodeHeapSize                  = 122911450                              {pd product} {ergonomic}
    uintx ProfiledCodeHeapSize                     = 122911450                              {pd product} {ergonomic}
    uintx ReservedCodeCacheSize                    = 251658240                              {pd product} {ergonomic}
     bool SegmentedCodeCache                       = true                                      {product} {ergonomic}
     bool UseCompressedClassPointers               = true                                 {lp64_product} {ergonomic}
     bool UseCompressedOops                        = true                                 {lp64_product} {ergonomic}
     bool UseG1GC                                  = true                                      {product} {ergonomic}
     bool UseLargePagesIndividualAllocation        = false                                  {pd product} {ergonomic}

Logging:
Log output configuration:
 #0: stdout all=warning uptime,level,tags
 #1: stderr all=off uptime,level,tags

Environment Variables:
PATH=C:\Program Files (x86)\Common Files\Oracle\Java\javapath;C:\Windows\system32;C:\Windows;C:\Windows\System32\Wbem;C:\Windows\System32\WindowsPowerShell\v1.0\;C:\Windows\System32\OpenSSH\;C:\Program Files\Git\cmd;C:\Users\Paul\AppData\Local\Microsoft\WindowsApps;C:\Users\Paul\AppData\Local\GitHubDesktop\bin
USERNAME=Paul
OS=Windows_NT
PROCESSOR_IDENTIFIER=Intel64 Family 6 Model 94 Stepping 3, GenuineIntel



---------------  S Y S T E M  ---------------

OS: Windows 10 , 64 bit Build 17134 (10.0.17134.1)

CPU:total 8 (initial active 8) (4 cores per cpu, 2 threads per core) family 6 model 94 stepping 3, cmov, cx8, fxsr, mmx, sse, sse2, sse3, ssse3, sse4.1, sse4.2, popcnt, avx, avx2, aes, clmul, erms, rtm, 3dnowpref, lzcnt, ht, tsc, tscinvbit, bmi1, bmi2, adx, fma

Memory: 4k page, system-wide physical 32646M (5586M free)
TotalPageFile size 54129M (AvailPageFile size 650M)
current process WorkingSet (physical memory assigned to process): 268M, peak: 268M
current process commit charge ("private bytes"): 1111M, peak: 3087M

vm_info: Java HotSpot(TM) 64-Bit Server VM (11.0.1+13-LTS) for windows-amd64 JRE (11.0.1+13-LTS), built on Oct  6 2018 13:20:16 by "mach5one" with MS VC++ 15.5 (VS2017)

END.
